{"/home/travis/build/npmtest/node-npmtest-catberry/test.js":{"path":"/home/travis/build/npmtest/node-npmtest-catberry/test.js","s":{"1":2,"2":2,"3":2,"4":2,"5":2,"6":2,"7":2,"8":1,"9":2,"10":2,"11":1,"12":1,"13":1,"14":1,"15":2,"16":2,"17":2,"18":2,"19":1,"20":1,"21":2,"22":2,"23":2,"24":1,"25":1,"26":1,"27":1,"28":1,"29":1,"30":1,"31":1,"32":1,"33":1,"34":1,"35":1,"36":1,"37":1,"38":1,"39":2,"40":2,"41":1,"42":2,"43":2,"44":1,"45":2,"46":2,"47":1,"48":2,"49":2,"50":1,"51":1,"52":1,"53":1,"54":1},"b":{"1":[2,1,1,1],"2":[1,1,1,1],"3":[1,1],"4":[1,1],"5":[1,1],"6":[1,1],"7":[1,1],"8":[1,1],"9":[1,1],"10":[1,1,1],"11":[1,1],"12":[1,1],"13":[1,1],"14":[1,1],"15":[1,1],"16":[1,1],"17":[1,1]},"f":{"1":2,"2":2,"3":2,"4":2,"5":2,"6":1,"7":1,"8":1,"9":2,"10":2,"11":2,"12":2,"13":1},"fnMap":{"1":{"name":"(anonymous_1)","line":12,"loc":{"start":{"line":12,"column":1},"end":{"line":12,"column":13}}},"2":{"name":"(anonymous_2)","line":19,"loc":{"start":{"line":19,"column":5},"end":{"line":19,"column":17}}},"3":{"name":"(anonymous_3)","line":23,"loc":{"start":{"line":23,"column":24},"end":{"line":23,"column":36}}},"4":{"name":"(anonymous_4)","line":61,"loc":{"start":{"line":61,"column":5},"end":{"line":61,"column":17}}},"5":{"name":"(anonymous_5)","line":82,"loc":{"start":{"line":82,"column":5},"end":{"line":82,"column":17}}},"6":{"name":"(anonymous_6)","line":91,"loc":{"start":{"line":91,"column":77},"end":{"line":94,"column":10}}},"7":{"name":"(anonymous_7)","line":112,"loc":{"start":{"line":112,"column":83},"end":{"line":115,"column":10}},"skip":true},"8":{"name":"(anonymous_8)","line":123,"loc":{"start":{"line":123,"column":77},"end":{"line":126,"column":10}},"skip":true},"9":{"name":"(anonymous_9)","line":139,"loc":{"start":{"line":139,"column":12},"end":{"line":139,"column":40}},"skip":true},"10":{"name":"(anonymous_10)","line":147,"loc":{"start":{"line":147,"column":77},"end":{"line":150,"column":10}},"skip":true},"11":{"name":"(anonymous_11)","line":158,"loc":{"start":{"line":158,"column":83},"end":{"line":161,"column":10}},"skip":true},"12":{"name":"(anonymous_12)","line":169,"loc":{"start":{"line":169,"column":79},"end":{"line":172,"column":10}},"skip":true},"13":{"name":"(anonymous_13)","line":180,"loc":{"start":{"line":180,"column":75},"end":{"line":183,"column":10}},"skip":true}},"statementMap":{"1":{"start":{"line":12,"column":0},"end":{"line":195,"column":5}},"2":{"start":{"line":14,"column":4},"end":{"line":14,"column":14}},"3":{"start":{"line":19,"column":4},"end":{"line":56,"column":9}},"4":{"start":{"line":21,"column":8},"end":{"line":21,"column":19}},"5":{"start":{"line":23,"column":8},"end":{"line":35,"column":13}},"6":{"start":{"line":24,"column":12},"end":{"line":34,"column":13}},"7":{"start":{"line":25,"column":16},"end":{"line":28,"column":30}},"8":{"start":{"line":30,"column":16},"end":{"line":33,"column":27}},"9":{"start":{"line":37,"column":8},"end":{"line":39,"column":21}},"10":{"start":{"line":40,"column":8},"end":{"line":53,"column":9}},"11":{"start":{"line":43,"column":12},"end":{"line":46,"column":14}},"12":{"start":{"line":47,"column":12},"end":{"line":47,"column":18}},"13":{"start":{"line":50,"column":12},"end":{"line":51,"column":33}},"14":{"start":{"line":52,"column":12},"end":{"line":52,"column":18}},"15":{"start":{"line":55,"column":8},"end":{"line":55,"column":35}},"16":{"start":{"line":61,"column":4},"end":{"line":63,"column":9}},"17":{"start":{"line":62,"column":8},"end":{"line":62,"column":15}},"18":{"start":{"line":64,"column":4},"end":{"line":77,"column":5}},"19":{"start":{"line":70,"column":8},"end":{"line":70,"column":14}},"20":{"start":{"line":76,"column":8},"end":{"line":76,"column":14}},"21":{"start":{"line":82,"column":4},"end":{"line":84,"column":9}},"22":{"start":{"line":83,"column":8},"end":{"line":83,"column":15}},"23":{"start":{"line":85,"column":4},"end":{"line":194,"column":5}},"24":{"start":{"line":91,"column":8},"end":{"line":99,"column":10}},"25":{"start":{"line":98,"column":12},"end":{"line":98,"column":35}},"26":{"start":{"line":102,"column":8},"end":{"line":104,"column":63}},"27":{"start":{"line":105,"column":8},"end":{"line":105,"column":14}},"28":{"start":{"line":112,"column":8},"end":{"line":121,"column":10},"skip":true},"29":{"start":{"line":119,"column":12},"end":{"line":119,"column":55},"skip":true},"30":{"start":{"line":120,"column":12},"end":{"line":120,"column":48},"skip":true},"31":{"start":{"line":123,"column":8},"end":{"line":136,"column":10},"skip":true},"32":{"start":{"line":130,"column":12},"end":{"line":130,"column":76},"skip":true},"33":{"start":{"line":131,"column":12},"end":{"line":131,"column":73},"skip":true},"34":{"start":{"line":132,"column":12},"end":{"line":132,"column":74},"skip":true},"35":{"start":{"line":133,"column":12},"end":{"line":133,"column":79},"skip":true},"36":{"start":{"line":134,"column":12},"end":{"line":134,"column":25},"skip":true},"37":{"start":{"line":135,"column":12},"end":{"line":135,"column":45},"skip":true},"38":{"start":{"line":138,"column":8},"end":{"line":145,"column":14},"skip":true},"39":{"start":{"line":143,"column":16},"end":{"line":143,"column":29},"skip":true},"40":{"start":{"line":144,"column":16},"end":{"line":144,"column":55},"skip":true},"41":{"start":{"line":147,"column":8},"end":{"line":156,"column":10},"skip":true},"42":{"start":{"line":154,"column":12},"end":{"line":154,"column":25},"skip":true},"43":{"start":{"line":155,"column":12},"end":{"line":155,"column":45},"skip":true},"44":{"start":{"line":158,"column":8},"end":{"line":167,"column":10},"skip":true},"45":{"start":{"line":165,"column":12},"end":{"line":165,"column":25},"skip":true},"46":{"start":{"line":166,"column":12},"end":{"line":166,"column":48},"skip":true},"47":{"start":{"line":169,"column":8},"end":{"line":178,"column":10},"skip":true},"48":{"start":{"line":176,"column":12},"end":{"line":176,"column":25},"skip":true},"49":{"start":{"line":177,"column":12},"end":{"line":177,"column":46},"skip":true},"50":{"start":{"line":180,"column":8},"end":{"line":189,"column":10},"skip":true},"51":{"start":{"line":187,"column":12},"end":{"line":187,"column":94},"skip":true},"52":{"start":{"line":188,"column":12},"end":{"line":188,"column":48},"skip":true},"53":{"start":{"line":192,"column":8},"end":{"line":192,"column":35},"skip":true},"54":{"start":{"line":193,"column":8},"end":{"line":193,"column":14},"skip":true}},"branchMap":{"1":{"line":25,"type":"binary-expr","locations":[{"start":{"line":25,"column":23},"end":{"line":25,"column":62}},{"start":{"line":26,"column":20},"end":{"line":26,"column":70}},{"start":{"line":27,"column":20},"end":{"line":27,"column":71}},{"start":{"line":28,"column":20},"end":{"line":28,"column":29}}]},"2":{"line":30,"type":"binary-expr","locations":[{"start":{"line":30,"column":23},"end":{"line":30,"column":37}},{"start":{"line":31,"column":20},"end":{"line":31,"column":61}},{"start":{"line":32,"column":20},"end":{"line":32,"column":70}},{"start":{"line":33,"column":20},"end":{"line":33,"column":26}}]},"3":{"line":37,"type":"cond-expr","locations":[{"start":{"line":38,"column":14},"end":{"line":38,"column":20}},{"start":{"line":39,"column":14},"end":{"line":39,"column":20}}]},"4":{"line":40,"type":"switch","locations":[{"start":{"line":42,"column":8},"end":{"line":47,"column":18}},{"start":{"line":49,"column":8},"end":{"line":52,"column":18}}]},"5":{"line":44,"type":"binary-expr","locations":[{"start":{"line":44,"column":16},"end":{"line":44,"column":44}},{"start":{"line":44,"column":48},"end":{"line":44,"column":66}}]},"6":{"line":50,"type":"binary-expr","locations":[{"start":{"line":50,"column":21},"end":{"line":50,"column":49}},{"start":{"line":50,"column":53},"end":{"line":50,"column":72}}]},"7":{"line":64,"type":"switch","locations":[{"start":{"line":69,"column":4},"end":{"line":70,"column":14}},{"start":{"line":75,"column":4},"end":{"line":76,"column":14}}]},"8":{"line":85,"type":"switch","locations":[{"start":{"line":90,"column":4},"end":{"line":105,"column":14}},{"start":{"line":111,"column":4},"end":{"line":193,"column":14},"skip":true}]},"9":{"line":91,"type":"binary-expr","locations":[{"start":{"line":91,"column":42},"end":{"line":91,"column":73}},{"start":{"line":91,"column":77},"end":{"line":99,"column":9}}]},"10":{"line":102,"type":"binary-expr","locations":[{"start":{"line":102,"column":18},"end":{"line":102,"column":32}},{"start":{"line":103,"column":12},"end":{"line":103,"column":53}},{"start":{"line":104,"column":12},"end":{"line":104,"column":61}}]},"11":{"line":112,"type":"binary-expr","locations":[{"start":{"line":112,"column":45},"end":{"line":112,"column":79},"skip":true},{"start":{"line":112,"column":83},"end":{"line":121,"column":9},"skip":true}]},"12":{"line":123,"type":"binary-expr","locations":[{"start":{"line":123,"column":42},"end":{"line":123,"column":73},"skip":true},{"start":{"line":123,"column":77},"end":{"line":136,"column":9},"skip":true}]},"13":{"line":138,"type":"binary-expr","locations":[{"start":{"line":138,"column":48},"end":{"line":138,"column":85},"skip":true},{"start":{"line":139,"column":12},"end":{"line":145,"column":13},"skip":true}]},"14":{"line":147,"type":"binary-expr","locations":[{"start":{"line":147,"column":42},"end":{"line":147,"column":73},"skip":true},{"start":{"line":147,"column":77},"end":{"line":156,"column":9},"skip":true}]},"15":{"line":158,"type":"binary-expr","locations":[{"start":{"line":158,"column":45},"end":{"line":158,"column":79},"skip":true},{"start":{"line":158,"column":83},"end":{"line":167,"column":9},"skip":true}]},"16":{"line":169,"type":"binary-expr","locations":[{"start":{"line":169,"column":43},"end":{"line":169,"column":75},"skip":true},{"start":{"line":169,"column":79},"end":{"line":178,"column":9},"skip":true}]},"17":{"line":180,"type":"binary-expr","locations":[{"start":{"line":180,"column":41},"end":{"line":180,"column":71},"skip":true},{"start":{"line":180,"column":75},"end":{"line":189,"column":9},"skip":true}]}},"code":["/* istanbul instrument in package npmtest_catberry */","/*jslint","    bitwise: true,","    browser: true,","    maxerr: 8,","    maxlen: 96,","    node: true,","    nomen: true,","    regexp: true,","    stupid: true","*/","(function () {","    'use strict';","    var local;","","","","    // run shared js-env code - init-before","    (function () {","        // init local","        local = {};","        // init modeJs","        local.modeJs = (function () {","            try {","                return typeof navigator.userAgent === 'string' &&","                    typeof document.querySelector('body') === 'object' &&","                    typeof XMLHttpRequest.prototype.open === 'function' &&","                    'browser';","            } catch (errorCaughtBrowser) {","                return module.exports &&","                    typeof process.versions.node === 'string' &&","                    typeof require('http').createServer === 'function' &&","                    'node';","            }","        }());","        // init global","        local.global = local.modeJs === 'browser'","            ? window","            : global;","        switch (local.modeJs) {","        // re-init local from window.local","        case 'browser':","            local = local.global.utility2.objectSetDefault(","                local.global.utility2_rollup || local.global.local,","                local.global.utility2","            );","            break;","        // re-init local from example.js","        case 'node':","            local = (local.global.utility2_rollup || require('utility2'))","                .requireReadme();","            break;","        }","        // export local","        local.global.local = local;","    }());","","","","    // run shared js-env code - function","    (function () {","        return;","    }());","    switch (local.modeJs) {","","","","    // run browser js-env code - function","    case 'browser':","        break;","","","","    // run node js-env code - function","    case 'node':","        break;","    }","","","","    // run shared js-env code - init-after","    (function () {","        return;","    }());","    switch (local.modeJs) {","","","","    // run browser js-env code - init-after","    case 'browser':","        local.testCase_browser_nullCase = local.testCase_browser_nullCase || function (","            options,","            onError","        ) {","        /*","         * this function will test browsers's null-case handling-behavior-behavior","         */","            onError(null, options);","        };","","        // run tests","        local.nop(local.modeTest &&","            document.querySelector('#testRunButton1') &&","            document.querySelector('#testRunButton1').click());","        break;","","","","    // run node js-env code - init-after","    /* istanbul ignore next */","    case 'node':","        local.testCase_buildApidoc_default = local.testCase_buildApidoc_default || function (","            options,","            onError","        ) {","        /*","         * this function will test buildApidoc's default handling-behavior-behavior","         */","            options = { modulePathList: module.paths };","            local.buildApidoc(options, onError);","        };","","        local.testCase_buildApp_default = local.testCase_buildApp_default || function (","            options,","            onError","        ) {","        /*","         * this function will test buildApp's default handling-behavior-behavior","         */","            local.testCase_buildReadme_default(options, local.onErrorThrow);","            local.testCase_buildLib_default(options, local.onErrorThrow);","            local.testCase_buildTest_default(options, local.onErrorThrow);","            local.testCase_buildCustomOrg_default(options, local.onErrorThrow);","            options = [];","            local.buildApp(options, onError);","        };","","        local.testCase_buildCustomOrg_default = local.testCase_buildCustomOrg_default ||","            function (options, onError) {","            /*","             * this function will test buildCustomOrg's default handling-behavior","             */","                options = {};","                local.buildCustomOrg(options, onError);","            };","","        local.testCase_buildLib_default = local.testCase_buildLib_default || function (","            options,","            onError","        ) {","        /*","         * this function will test buildLib's default handling-behavior","         */","            options = {};","            local.buildLib(options, onError);","        };","","        local.testCase_buildReadme_default = local.testCase_buildReadme_default || function (","            options,","            onError","        ) {","        /*","         * this function will test buildReadme's default handling-behavior-behavior","         */","            options = {};","            local.buildReadme(options, onError);","        };","","        local.testCase_buildTest_default = local.testCase_buildTest_default || function (","            options,","            onError","        ) {","        /*","         * this function will test buildTest's default handling-behavior","         */","            options = {};","            local.buildTest(options, onError);","        };","","        local.testCase_webpage_default = local.testCase_webpage_default || function (","            options,","            onError","        ) {","        /*","         * this function will test webpage's default handling-behavior","         */","            options = { modeCoverageMerge: true, url: local.serverLocalHost + '?modeTest=1' };","            local.browserTest(options, onError);","        };","","        // run test-server","        local.testRunServer(local);","        break;","    }","}());",""],"l":{"12":2,"14":2,"19":2,"21":2,"23":2,"24":2,"25":2,"30":1,"37":2,"40":2,"43":1,"47":1,"50":1,"52":1,"55":2,"61":2,"62":2,"64":2,"70":1,"76":1,"82":2,"83":2,"85":2,"91":1,"98":1,"102":1,"105":1,"112":1,"119":1,"120":1,"123":1,"130":1,"131":1,"132":1,"133":1,"134":1,"135":1,"138":1,"143":2,"144":2,"147":1,"154":2,"155":2,"158":1,"165":2,"166":2,"169":1,"176":2,"177":2,"180":1,"187":1,"188":1,"192":1,"193":1}},"/home/travis/build/npmtest/node-npmtest-catberry/lib.npmtest_catberry.js":{"path":"/home/travis/build/npmtest/node-npmtest-catberry/lib.npmtest_catberry.js","s":{"1":2,"2":2,"3":2,"4":2,"5":2,"6":2,"7":2,"8":1,"9":2,"10":2,"11":2,"12":2,"13":1,"14":1,"15":1,"16":1},"b":{"1":[2,1,1,1],"2":[1,1,1,1],"3":[1,1],"4":[2,2],"5":[1,1]},"f":{"1":2,"2":2,"3":2},"fnMap":{"1":{"name":"(anonymous_1)","line":12,"loc":{"start":{"line":12,"column":1},"end":{"line":12,"column":13}}},"2":{"name":"(anonymous_2)","line":19,"loc":{"start":{"line":19,"column":5},"end":{"line":19,"column":17}}},"3":{"name":"(anonymous_3)","line":23,"loc":{"start":{"line":23,"column":24},"end":{"line":23,"column":36}}}},"statementMap":{"1":{"start":{"line":12,"column":0},"end":{"line":53,"column":5}},"2":{"start":{"line":14,"column":4},"end":{"line":14,"column":14}},"3":{"start":{"line":19,"column":4},"end":{"line":52,"column":9}},"4":{"start":{"line":21,"column":8},"end":{"line":21,"column":19}},"5":{"start":{"line":23,"column":8},"end":{"line":35,"column":13}},"6":{"start":{"line":24,"column":12},"end":{"line":34,"column":13}},"7":{"start":{"line":25,"column":16},"end":{"line":28,"column":30}},"8":{"start":{"line":30,"column":16},"end":{"line":33,"column":27}},"9":{"start":{"line":37,"column":8},"end":{"line":39,"column":21}},"10":{"start":{"line":41,"column":8},"end":{"line":41,"column":54}},"11":{"start":{"line":43,"column":8},"end":{"line":43,"column":53}},"12":{"start":{"line":45,"column":8},"end":{"line":51,"column":9}},"13":{"start":{"line":46,"column":12},"end":{"line":46,"column":59}},"14":{"start":{"line":48,"column":12},"end":{"line":48,"column":35}},"15":{"start":{"line":49,"column":12},"end":{"line":49,"column":49}},"16":{"start":{"line":50,"column":12},"end":{"line":50,"column":43}}},"branchMap":{"1":{"line":25,"type":"binary-expr","locations":[{"start":{"line":25,"column":23},"end":{"line":25,"column":62}},{"start":{"line":26,"column":20},"end":{"line":26,"column":70}},{"start":{"line":27,"column":20},"end":{"line":27,"column":71}},{"start":{"line":28,"column":20},"end":{"line":28,"column":29}}]},"2":{"line":30,"type":"binary-expr","locations":[{"start":{"line":30,"column":23},"end":{"line":30,"column":37}},{"start":{"line":31,"column":20},"end":{"line":31,"column":61}},{"start":{"line":32,"column":20},"end":{"line":32,"column":70}},{"start":{"line":33,"column":20},"end":{"line":33,"column":26}}]},"3":{"line":37,"type":"cond-expr","locations":[{"start":{"line":38,"column":14},"end":{"line":38,"column":20}},{"start":{"line":39,"column":14},"end":{"line":39,"column":20}}]},"4":{"line":41,"type":"binary-expr","locations":[{"start":{"line":41,"column":16},"end":{"line":41,"column":44}},{"start":{"line":41,"column":48},"end":{"line":41,"column":53}}]},"5":{"line":45,"type":"if","locations":[{"start":{"line":45,"column":8},"end":{"line":45,"column":8}},{"start":{"line":45,"column":8},"end":{"line":45,"column":8}}]}},"code":["/* istanbul instrument in package npmtest_catberry */","/*jslint","    bitwise: true,","    browser: true,","    maxerr: 8,","    maxlen: 96,","    node: true,","    nomen: true,","    regexp: true,","    stupid: true","*/","(function () {","    'use strict';","    var local;","","","","    // run shared js-env code - init-before","    (function () {","        // init local","        local = {};","        // init modeJs","        local.modeJs = (function () {","            try {","                return typeof navigator.userAgent === 'string' &&","                    typeof document.querySelector('body') === 'object' &&","                    typeof XMLHttpRequest.prototype.open === 'function' &&","                    'browser';","            } catch (errorCaughtBrowser) {","                return module.exports &&","                    typeof process.versions.node === 'string' &&","                    typeof require('http').createServer === 'function' &&","                    'node';","            }","        }());","        // init global","        local.global = local.modeJs === 'browser'","            ? window","            : global;","        // init utility2_rollup","        local = local.global.utility2_rollup || local;","        // init lib","        local.local = local.npmtest_catberry = local;","        // init exports","        if (local.modeJs === 'browser') {","            local.global.utility2_npmtest_catberry = local;","        } else {","            module.exports = local;","            module.exports.__dirname = __dirname;","            module.exports.module = module;","        }","    }());","}());",""],"l":{"12":2,"14":2,"19":2,"21":2,"23":2,"24":2,"25":2,"30":1,"37":2,"41":2,"43":2,"45":2,"46":1,"48":1,"49":1,"50":1}},"/home/travis/build/npmtest/node-npmtest-catberry/example.js":{"path":"/home/travis/build/npmtest/node-npmtest-catberry/example.js","s":{"1":2,"2":2,"3":2,"4":2,"5":2,"6":2,"7":2,"8":1,"9":2,"10":2,"11":2,"12":2,"13":1,"14":2,"15":2,"16":2,"17":2,"18":2,"19":0,"20":2,"21":1,"22":1,"23":1,"24":1,"25":1,"26":0,"27":0,"28":1,"29":1,"30":2,"31":0,"32":0,"33":0,"34":1,"35":2,"36":2,"37":3,"38":3,"39":3,"40":3,"41":0,"42":3,"43":3,"44":3,"45":1,"46":3,"47":1,"48":1,"49":1,"50":1,"51":1,"52":1,"53":1,"54":1,"55":1,"56":1,"57":0,"58":1,"59":6,"60":6,"61":1,"62":2,"63":0,"64":2,"65":1,"66":1,"67":0,"68":0,"69":0,"70":0,"71":0,"72":0,"73":0,"74":0,"75":0,"76":0,"77":0,"78":0,"79":0,"80":0,"81":0,"82":0,"83":0},"b":{"1":[2,1,1,1],"2":[1,1,1,1],"3":[1,1],"4":[2,2],"5":[1,1],"6":[1,1],"7":[2,0],"8":[2,1,1,1,1,1],"9":[0,2,0],"10":[1,1],"11":[2,1,1],"12":[1,0],"13":[0,2],"14":[2,0,0,0,0,0,0],"15":[0,3],"16":[3,0],"17":[1,1],"18":[0,1],"19":[1,2,0,2],"20":[1,0],"21":[1,1],"22":[0,0],"23":[0,0],"24":[0,0],"25":[0,0],"26":[0,0],"27":[0,0],"28":[0,0]},"f":{"1":2,"2":2,"3":2,"4":2,"5":2,"6":2,"7":3,"8":3,"9":3,"10":1,"11":6,"12":0},"fnMap":{"1":{"name":"(anonymous_1)","line":26,"loc":{"start":{"line":26,"column":1},"end":{"line":26,"column":13}}},"2":{"name":"(anonymous_2)","line":33,"loc":{"start":{"line":33,"column":5},"end":{"line":33,"column":17}}},"3":{"name":"(anonymous_3)","line":37,"loc":{"start":{"line":37,"column":24},"end":{"line":37,"column":36}}},"4":{"name":"(anonymous_4)","line":69,"loc":{"start":{"line":69,"column":31},"end":{"line":69,"column":48}},"skip":true},"5":{"name":"(anonymous_5)","line":78,"loc":{"start":{"line":78,"column":26},"end":{"line":78,"column":45}},"skip":true},"6":{"name":"(anonymous_6)","line":123,"loc":{"start":{"line":123,"column":33},"end":{"line":123,"column":48}},"skip":true},"7":{"name":"(anonymous_7)","line":125,"loc":{"start":{"line":125,"column":27},"end":{"line":125,"column":39}},"skip":true},"8":{"name":"(anonymous_8)","line":133,"loc":{"start":{"line":133,"column":59},"end":{"line":133,"column":74}},"skip":true},"9":{"name":"(anonymous_9)","line":143,"loc":{"start":{"line":143,"column":45},"end":{"line":143,"column":62}},"skip":true},"10":{"name":"(anonymous_10)","line":144,"loc":{"start":{"line":144,"column":73},"end":{"line":144,"column":92}},"skip":true},"11":{"name":"(anonymous_11)","line":272,"loc":{"start":{"line":272,"column":51},"end":{"line":272,"column":77}},"skip":true},"12":{"name":"(anonymous_12)","line":315,"loc":{"start":{"line":315,"column":32},"end":{"line":315,"column":61}},"skip":true}},"statementMap":{"1":{"start":{"line":26,"column":0},"end":{"line":326,"column":5}},"2":{"start":{"line":28,"column":4},"end":{"line":28,"column":14}},"3":{"start":{"line":33,"column":4},"end":{"line":60,"column":9}},"4":{"start":{"line":35,"column":8},"end":{"line":35,"column":19}},"5":{"start":{"line":37,"column":8},"end":{"line":49,"column":13}},"6":{"start":{"line":38,"column":12},"end":{"line":48,"column":13}},"7":{"start":{"line":39,"column":16},"end":{"line":42,"column":30}},"8":{"start":{"line":44,"column":16},"end":{"line":47,"column":27}},"9":{"start":{"line":51,"column":8},"end":{"line":53,"column":21}},"10":{"start":{"line":55,"column":8},"end":{"line":57,"column":45}},"11":{"start":{"line":59,"column":8},"end":{"line":59,"column":35}},"12":{"start":{"line":61,"column":4},"end":{"line":325,"column":5}},"13":{"start":{"line":69,"column":8},"end":{"line":121,"column":10},"skip":true},"14":{"start":{"line":70,"column":12},"end":{"line":88,"column":13},"skip":true},"15":{"start":{"line":76,"column":16},"end":{"line":87,"column":19},"skip":true},"16":{"start":{"line":79,"column":20},"end":{"line":86,"column":21},"skip":true},"17":{"start":{"line":82,"column":24},"end":{"line":82,"column":43},"skip":true},"18":{"start":{"line":83,"column":24},"end":{"line":83,"column":30},"skip":true},"19":{"start":{"line":85,"column":24},"end":{"line":85,"column":49},"skip":true},"20":{"start":{"line":89,"column":12},"end":{"line":107,"column":13},"skip":true},"21":{"start":{"line":92,"column":16},"end":{"line":102,"column":17},"skip":true},"22":{"start":{"line":93,"column":20},"end":{"line":93,"column":86},"skip":true},"23":{"start":{"line":94,"column":20},"end":{"line":95,"column":45},"skip":true},"24":{"start":{"line":96,"column":20},"end":{"line":96,"column":42},"skip":true},"25":{"start":{"line":97,"column":20},"end":{"line":97,"column":48},"skip":true},"26":{"start":{"line":100,"column":20},"end":{"line":100,"column":85},"skip":true},"27":{"start":{"line":101,"column":20},"end":{"line":101,"column":96},"skip":true},"28":{"start":{"line":103,"column":16},"end":{"line":103,"column":22},"skip":true},"29":{"start":{"line":106,"column":16},"end":{"line":106,"column":22},"skip":true},"30":{"start":{"line":108,"column":12},"end":{"line":120,"column":13},"skip":true},"31":{"start":{"line":114,"column":16},"end":{"line":119,"column":17},"skip":true},"32":{"start":{"line":116,"column":20},"end":{"line":116,"column":78},"skip":true},"33":{"start":{"line":118,"column":20},"end":{"line":118,"column":47},"skip":true},"34":{"start":{"line":123,"column":8},"end":{"line":141,"column":11},"skip":true},"35":{"start":{"line":124,"column":12},"end":{"line":124,"column":54},"skip":true},"36":{"start":{"line":125,"column":12},"end":{"line":140,"column":14},"skip":true},"37":{"start":{"line":126,"column":16},"end":{"line":126,"column":28},"skip":true},"38":{"start":{"line":127,"column":16},"end":{"line":127,"column":69},"skip":true},"39":{"start":{"line":128,"column":16},"end":{"line":128,"column":75},"skip":true},"40":{"start":{"line":129,"column":16},"end":{"line":131,"column":17},"skip":true},"41":{"start":{"line":130,"column":20},"end":{"line":130,"column":27},"skip":true},"42":{"start":{"line":133,"column":16},"end":{"line":137,"column":36},"skip":true},"43":{"start":{"line":134,"column":20},"end":{"line":136,"column":55},"skip":true},"44":{"start":{"line":139,"column":16},"end":{"line":139,"column":57},"skip":true},"45":{"start":{"line":143,"column":8},"end":{"line":147,"column":11},"skip":true},"46":{"start":{"line":144,"column":12},"end":{"line":146,"column":15},"skip":true},"47":{"start":{"line":145,"column":16},"end":{"line":145,"column":70},"skip":true},"48":{"start":{"line":149,"column":8},"end":{"line":149,"column":31},"skip":true},"49":{"start":{"line":150,"column":8},"end":{"line":150,"column":14},"skip":true},"50":{"start":{"line":158,"column":8},"end":{"line":158,"column":31},"skip":true},"51":{"start":{"line":160,"column":8},"end":{"line":160,"column":33},"skip":true},"52":{"start":{"line":161,"column":8},"end":{"line":161,"column":37},"skip":true},"53":{"start":{"line":162,"column":8},"end":{"line":162,"column":35},"skip":true},"54":{"start":{"line":164,"column":8},"end":{"line":164,"column":50},"skip":true},"55":{"start":{"line":166,"column":8},"end":{"line":256,"column":2},"skip":true},"56":{"start":{"line":258,"column":8},"end":{"line":286,"column":9},"skip":true},"57":{"start":{"line":259,"column":12},"end":{"line":269,"column":14},"skip":true},"58":{"start":{"line":271,"column":12},"end":{"line":285,"column":19},"skip":true},"59":{"start":{"line":274,"column":20},"end":{"line":274,"column":35},"skip":true},"60":{"start":{"line":275,"column":20},"end":{"line":284,"column":21},"skip":true},"61":{"start":{"line":277,"column":24},"end":{"line":277,"column":64},"skip":true},"62":{"start":{"line":279,"column":24},"end":{"line":279,"column":40},"skip":true},"63":{"start":{"line":281,"column":24},"end":{"line":281,"column":40},"skip":true},"64":{"start":{"line":283,"column":24},"end":{"line":283,"column":39},"skip":true},"65":{"start":{"line":288,"column":8},"end":{"line":290,"column":9},"skip":true},"66":{"start":{"line":289,"column":12},"end":{"line":289,"column":18},"skip":true},"67":{"start":{"line":291,"column":8},"end":{"line":293,"column":54},"skip":true},"68":{"start":{"line":296,"column":8},"end":{"line":301,"column":37},"skip":true},"69":{"start":{"line":303,"column":8},"end":{"line":303,"column":82},"skip":true},"70":{"start":{"line":306,"column":8},"end":{"line":308,"column":9},"skip":true},"71":{"start":{"line":307,"column":12},"end":{"line":307,"column":82},"skip":true},"72":{"start":{"line":310,"column":8},"end":{"line":312,"column":9},"skip":true},"73":{"start":{"line":311,"column":12},"end":{"line":311,"column":18},"skip":true},"74":{"start":{"line":313,"column":8},"end":{"line":313,"column":54},"skip":true},"75":{"start":{"line":314,"column":8},"end":{"line":314,"column":69},"skip":true},"76":{"start":{"line":315,"column":8},"end":{"line":323,"column":36},"skip":true},"77":{"start":{"line":316,"column":12},"end":{"line":316,"column":61},"skip":true},"78":{"start":{"line":317,"column":12},"end":{"line":320,"column":13},"skip":true},"79":{"start":{"line":318,"column":16},"end":{"line":318,"column":75},"skip":true},"80":{"start":{"line":319,"column":16},"end":{"line":319,"column":23},"skip":true},"81":{"start":{"line":321,"column":12},"end":{"line":321,"column":38},"skip":true},"82":{"start":{"line":322,"column":12},"end":{"line":322,"column":27},"skip":true},"83":{"start":{"line":324,"column":8},"end":{"line":324,"column":14},"skip":true}},"branchMap":{"1":{"line":39,"type":"binary-expr","locations":[{"start":{"line":39,"column":23},"end":{"line":39,"column":62}},{"start":{"line":40,"column":20},"end":{"line":40,"column":70}},{"start":{"line":41,"column":20},"end":{"line":41,"column":71}},{"start":{"line":42,"column":20},"end":{"line":42,"column":29}}]},"2":{"line":44,"type":"binary-expr","locations":[{"start":{"line":44,"column":23},"end":{"line":44,"column":37}},{"start":{"line":45,"column":20},"end":{"line":45,"column":61}},{"start":{"line":46,"column":20},"end":{"line":46,"column":70}},{"start":{"line":47,"column":20},"end":{"line":47,"column":26}}]},"3":{"line":51,"type":"cond-expr","locations":[{"start":{"line":52,"column":14},"end":{"line":52,"column":20}},{"start":{"line":53,"column":14},"end":{"line":53,"column":20}}]},"4":{"line":55,"type":"binary-expr","locations":[{"start":{"line":55,"column":16},"end":{"line":55,"column":44}},{"start":{"line":55,"column":49},"end":{"line":57,"column":43}}]},"5":{"line":55,"type":"cond-expr","locations":[{"start":{"line":56,"column":14},"end":{"line":56,"column":52}},{"start":{"line":57,"column":14},"end":{"line":57,"column":43}}]},"6":{"line":61,"type":"switch","locations":[{"start":{"line":68,"column":4},"end":{"line":150,"column":14},"skip":true},{"start":{"line":156,"column":4},"end":{"line":324,"column":14},"skip":true}]},"7":{"line":70,"type":"if","locations":[{"start":{"line":70,"column":12},"end":{"line":70,"column":12},"skip":true},{"start":{"line":70,"column":12},"end":{"line":70,"column":12},"skip":true}]},"8":{"line":70,"type":"binary-expr","locations":[{"start":{"line":70,"column":16},"end":{"line":70,"column":22},"skip":true},{"start":{"line":70,"column":27},"end":{"line":70,"column":32},"skip":true},{"start":{"line":71,"column":20},"end":{"line":71,"column":39},"skip":true},{"start":{"line":72,"column":20},"end":{"line":72,"column":49},"skip":true},{"start":{"line":73,"column":20},"end":{"line":73,"column":58},"skip":true},{"start":{"line":74,"column":20},"end":{"line":74,"column":69},"skip":true}]},"9":{"line":79,"type":"switch","locations":[{"start":{"line":80,"column":20},"end":{"line":80,"column":33},"skip":true},{"start":{"line":81,"column":20},"end":{"line":83,"column":30},"skip":true},{"start":{"line":84,"column":20},"end":{"line":85,"column":49},"skip":true}]},"10":{"line":89,"type":"switch","locations":[{"start":{"line":90,"column":12},"end":{"line":103,"column":22},"skip":true},{"start":{"line":105,"column":12},"end":{"line":106,"column":22},"skip":true}]},"11":{"line":89,"type":"binary-expr","locations":[{"start":{"line":89,"column":20},"end":{"line":89,"column":25},"skip":true},{"start":{"line":89,"column":29},"end":{"line":89,"column":48},"skip":true},{"start":{"line":89,"column":52},"end":{"line":89,"column":74},"skip":true}]},"12":{"line":92,"type":"if","locations":[{"start":{"line":92,"column":16},"end":{"line":92,"column":16},"skip":true},{"start":{"line":92,"column":16},"end":{"line":92,"column":16},"skip":true}]},"13":{"line":108,"type":"if","locations":[{"start":{"line":108,"column":12},"end":{"line":108,"column":12},"skip":true},{"start":{"line":108,"column":12},"end":{"line":108,"column":12},"skip":true}]},"14":{"line":108,"type":"binary-expr","locations":[{"start":{"line":108,"column":16},"end":{"line":108,"column":61},"skip":true},{"start":{"line":108,"column":66},"end":{"line":108,"column":72},"skip":true},{"start":{"line":108,"column":77},"end":{"line":108,"column":82},"skip":true},{"start":{"line":109,"column":20},"end":{"line":109,"column":39},"skip":true},{"start":{"line":110,"column":20},"end":{"line":110,"column":49},"skip":true},{"start":{"line":111,"column":20},"end":{"line":111,"column":58},"skip":true},{"start":{"line":112,"column":20},"end":{"line":112,"column":68},"skip":true}]},"15":{"line":129,"type":"if","locations":[{"start":{"line":129,"column":16},"end":{"line":129,"column":16},"skip":true},{"start":{"line":129,"column":16},"end":{"line":129,"column":16},"skip":true}]},"16":{"line":134,"type":"cond-expr","locations":[{"start":{"line":135,"column":26},"end":{"line":135,"column":29},"skip":true},{"start":{"line":136,"column":26},"end":{"line":136,"column":54},"skip":true}]},"17":{"line":164,"type":"binary-expr","locations":[{"start":{"line":164,"column":27},"end":{"line":164,"column":43},"skip":true},{"start":{"line":164,"column":47},"end":{"line":164,"column":49},"skip":true}]},"18":{"line":258,"type":"if","locations":[{"start":{"line":258,"column":8},"end":{"line":258,"column":8},"skip":true},{"start":{"line":258,"column":8},"end":{"line":258,"column":8},"skip":true}]},"19":{"line":275,"type":"switch","locations":[{"start":{"line":276,"column":20},"end":{"line":277,"column":64},"skip":true},{"start":{"line":278,"column":20},"end":{"line":279,"column":40},"skip":true},{"start":{"line":280,"column":20},"end":{"line":281,"column":40},"skip":true},{"start":{"line":282,"column":20},"end":{"line":283,"column":39},"skip":true}]},"20":{"line":288,"type":"if","locations":[{"start":{"line":288,"column":8},"end":{"line":288,"column":8},"skip":true},{"start":{"line":288,"column":8},"end":{"line":288,"column":8},"skip":true}]},"21":{"line":288,"type":"binary-expr","locations":[{"start":{"line":288,"column":12},"end":{"line":288,"column":40},"skip":true},{"start":{"line":288,"column":44},"end":{"line":288,"column":67},"skip":true}]},"22":{"line":292,"type":"binary-expr","locations":[{"start":{"line":292,"column":12},"end":{"line":292,"column":50},"skip":true},{"start":{"line":293,"column":12},"end":{"line":293,"column":53},"skip":true}]},"23":{"line":297,"type":"binary-expr","locations":[{"start":{"line":297,"column":12},"end":{"line":297,"column":66},"skip":true},{"start":{"line":298,"column":12},"end":{"line":301,"column":36},"skip":true}]},"24":{"line":303,"type":"binary-expr","locations":[{"start":{"line":303,"column":43},"end":{"line":303,"column":75},"skip":true},{"start":{"line":303,"column":79},"end":{"line":303,"column":81},"skip":true}]},"25":{"line":306,"type":"if","locations":[{"start":{"line":306,"column":8},"end":{"line":306,"column":8},"skip":true},{"start":{"line":306,"column":8},"end":{"line":306,"column":8},"skip":true}]},"26":{"line":310,"type":"if","locations":[{"start":{"line":310,"column":8},"end":{"line":310,"column":8},"skip":true},{"start":{"line":310,"column":8},"end":{"line":310,"column":8},"skip":true}]},"27":{"line":313,"type":"binary-expr","locations":[{"start":{"line":313,"column":27},"end":{"line":313,"column":43},"skip":true},{"start":{"line":313,"column":47},"end":{"line":313,"column":53},"skip":true}]},"28":{"line":317,"type":"if","locations":[{"start":{"line":317,"column":12},"end":{"line":317,"column":12},"skip":true},{"start":{"line":317,"column":12},"end":{"line":317,"column":12},"skip":true}]}},"code":["/*","example.js","","quickstart example","","instruction","    1. save this script as example.js","    2. run the shell command:","        $ npm install npmtest-catberry && PORT=8081 node example.js","    3. play with the browser-demo on http://127.0.0.1:8081","*/","","","","/* istanbul instrument in package npmtest_catberry */","/*jslint","    bitwise: true,","    browser: true,","    maxerr: 8,","    maxlen: 96,","    node: true,","    nomen: true,","    regexp: true,","    stupid: true","*/","(function () {","    'use strict';","    var local;","","","","    // run shared js-env code - init-before","    (function () {","        // init local","        local = {};","        // init modeJs","        local.modeJs = (function () {","            try {","                return typeof navigator.userAgent === 'string' &&","                    typeof document.querySelector('body') === 'object' &&","                    typeof XMLHttpRequest.prototype.open === 'function' &&","                    'browser';","            } catch (errorCaughtBrowser) {","                return module.exports &&","                    typeof process.versions.node === 'string' &&","                    typeof require('http').createServer === 'function' &&","                    'node';","            }","        }());","        // init global","        local.global = local.modeJs === 'browser'","            ? window","            : global;","        // init utility2_rollup","        local = local.global.utility2_rollup || (local.modeJs === 'browser'","            ? local.global.utility2_npmtest_catberry","            : global.utility2_moduleExports);","        // export local","        local.global.local = local;","    }());","    switch (local.modeJs) {","","","","    // init-after","    // run browser js-env code - init-after","    /* istanbul ignore next */","    case 'browser':","        local.testRunBrowser = function (event) {","            if (!event || (event &&","                    event.currentTarget &&","                    event.currentTarget.className &&","                    event.currentTarget.className.includes &&","                    event.currentTarget.className.includes('onreset'))) {","                // reset output","                Array.from(","                    document.querySelectorAll('body > .resettable')","                ).forEach(function (element) {","                    switch (element.tagName) {","                    case 'INPUT':","                    case 'TEXTAREA':","                        element.value = '';","                        break;","                    default:","                        element.textContent = '';","                    }","                });","            }","            switch (event && event.currentTarget && event.currentTarget.id) {","            case 'testRunButton1':","                // show tests","                if (document.querySelector('#testReportDiv1').style.display === 'none') {","                    document.querySelector('#testReportDiv1').style.display = 'block';","                    document.querySelector('#testRunButton1').textContent =","                        'hide internal test';","                    local.modeTest = true;","                    local.testRunDefault(local);","                // hide tests","                } else {","                    document.querySelector('#testReportDiv1').style.display = 'none';","                    document.querySelector('#testRunButton1').textContent = 'run internal test';","                }","                break;","            // custom-case","            default:","                break;","            }","            if (document.querySelector('#inputTextareaEval1') && (!event || (event &&","                    event.currentTarget &&","                    event.currentTarget.className &&","                    event.currentTarget.className.includes &&","                    event.currentTarget.className.includes('oneval')))) {","                // try to eval input-code","                try {","                    /*jslint evil: true*/","                    eval(document.querySelector('#inputTextareaEval1').value);","                } catch (errorCaught) {","                    console.error(errorCaught);","                }","            }","        };","        // log stderr and stdout to #outputTextareaStdout1","        ['error', 'log'].forEach(function (key) {","            console[key + '_original'] = console[key];","            console[key] = function () {","                var element;","                console[key + '_original'].apply(console, arguments);","                element = document.querySelector('#outputTextareaStdout1');","                if (!element) {","                    return;","                }","                // append text to #outputTextareaStdout1","                element.value += Array.from(arguments).map(function (arg) {","                    return typeof arg === 'string'","                        ? arg","                        : JSON.stringify(arg, null, 4);","                }).join(' ') + '\\n';","                // scroll textarea to bottom","                element.scrollTop = element.scrollHeight;","            };","        });","        // init event-handling","        ['change', 'click', 'keyup'].forEach(function (event) {","            Array.from(document.querySelectorAll('.on' + event)).forEach(function (element) {","                element.addEventListener(event, local.testRunBrowser);","            });","        });","        // run tests","        local.testRunBrowser();","        break;","","","","    // run node js-env code - init-after","    /* istanbul ignore next */","    case 'node':","        // export local","        module.exports = local;","        // require modules","        local.fs = require('fs');","        local.http = require('http');","        local.url = require('url');","        // init assets","        local.assetsDict = local.assetsDict || {};","        /* jslint-ignore-begin */","        local.assetsDict['/assets.index.template.html'] = '\\","<!doctype html>\\n\\","<html lang=\"en\">\\n\\","<head>\\n\\","<meta charset=\"UTF-8\">\\n\\","<meta name=\"viewport\" content=\"width=device-width, initial-scale=1\">\\n\\","<title>{{env.npm_package_name}} (v{{env.npm_package_version}})</title>\\n\\","<style>\\n\\","/*csslint\\n\\","    box-sizing: false,\\n\\","    universal-selector: false\\n\\","*/\\n\\","* {\\n\\","    box-sizing: border-box;\\n\\","}\\n\\","body {\\n\\","    background: #dde;\\n\\","    font-family: Arial, Helvetica, sans-serif;\\n\\","    margin: 2rem;\\n\\","}\\n\\","body > * {\\n\\","    margin-bottom: 1rem;\\n\\","}\\n\\",".utility2FooterDiv {\\n\\","    margin-top: 20px;\\n\\","    text-align: center;\\n\\","}\\n\\","</style>\\n\\","<style>\\n\\","/*csslint\\n\\","*/\\n\\","textarea {\\n\\","    font-family: monospace;\\n\\","    height: 10rem;\\n\\","    width: 100%;\\n\\","}\\n\\","textarea[readonly] {\\n\\","    background: #ddd;\\n\\","}\\n\\","</style>\\n\\","</head>\\n\\","<body>\\n\\","<!-- utility2-comment\\n\\","<div id=\"ajaxProgressDiv1\" style=\"background: #d00; height: 2px; left: 0; margin: 0; padding: 0; position: fixed; top: 0; transition: background 0.5s, width 1.5s; width: 25%;\"></div>\\n\\","utility2-comment -->\\n\\","<h1>\\n\\","<!-- utility2-comment\\n\\","    <a\\n\\","        {{#if env.npm_package_homepage}}\\n\\","        href=\"{{env.npm_package_homepage}}\"\\n\\","        {{/if env.npm_package_homepage}}\\n\\","        target=\"_blank\"\\n\\","    >\\n\\","utility2-comment -->\\n\\","        {{env.npm_package_name}} (v{{env.npm_package_version}})\\n\\","<!-- utility2-comment\\n\\","    </a>\\n\\","utility2-comment -->\\n\\","</h1>\\n\\","<h3>{{env.npm_package_description}}</h3>\\n\\","<!-- utility2-comment\\n\\","<h4><a download href=\"assets.app.js\">download standalone app</a></h4>\\n\\","<button class=\"onclick onreset\" id=\"testRunButton1\">run internal test</button><br>\\n\\","<div id=\"testReportDiv1\" style=\"display: none;\"></div>\\n\\","utility2-comment -->\\n\\","\\n\\","\\n\\","\\n\\","<label>stderr and stdout</label>\\n\\","<textarea class=\"resettable\" id=\"outputTextareaStdout1\" readonly></textarea>\\n\\","<!-- utility2-comment\\n\\","{{#if isRollup}}\\n\\","<script src=\"assets.app.js\"></script>\\n\\","{{#unless isRollup}}\\n\\","utility2-comment -->\\n\\","<script src=\"assets.utility2.rollup.js\"></script>\\n\\","<script src=\"jsonp.utility2._stateInit?callback=window.utility2._stateInit\"></script>\\n\\","<script src=\"assets.npmtest_catberry.rollup.js\"></script>\\n\\","<script src=\"assets.example.js\"></script>\\n\\","<script src=\"assets.test.js\"></script>\\n\\","<!-- utility2-comment\\n\\","{{/if isRollup}}\\n\\","utility2-comment -->\\n\\","<div class=\"utility2FooterDiv\">\\n\\","    [ this app was created with\\n\\","    <a href=\"https://github.com/kaizhu256/node-utility2\" target=\"_blank\">utility2</a>\\n\\","    ]\\n\\","</div>\\n\\","</body>\\n\\","</html>\\n\\","';","        /* jslint-ignore-end */","        if (local.templateRender) {","            local.assetsDict['/'] = local.templateRender(","                local.assetsDict['/assets.index.template.html'],","                {","                    env: local.objectSetDefault(local.env, {","                        npm_package_description: 'the greatest app in the world!',","                        npm_package_name: 'my-app',","                        npm_package_nameAlias: 'my_app',","                        npm_package_version: '0.0.1'","                    })","                }","            );","        } else {","            local.assetsDict['/'] = local.assetsDict['/assets.index.template.html']","                .replace((/\\{\\{env\\.(\\w+?)\\}\\}/g), function (match0, match1) {","                    // jslint-hack","                    String(match0);","                    switch (match1) {","                    case 'npm_package_description':","                        return 'the greatest app in the world!';","                    case 'npm_package_name':","                        return 'my-app';","                    case 'npm_package_nameAlias':","                        return 'my_app';","                    case 'npm_package_version':","                        return '0.0.1';","                    }","                });","        }","        // run the cli","        if (local.global.utility2_rollup || module !== require.main) {","            break;","        }","        local.assetsDict['/assets.example.js'] =","            local.assetsDict['/assets.example.js'] ||","            local.fs.readFileSync(__filename, 'utf8');","        // bug-workaround - long $npm_package_buildCustomOrg","        /* jslint-ignore-begin */","        local.assetsDict['/assets.npmtest_catberry.rollup.js'] =","            local.assetsDict['/assets.npmtest_catberry.rollup.js'] ||","            local.fs.readFileSync(","                local.npmtest_catberry.__dirname + '/lib.npmtest_catberry.js',","                'utf8'","            ).replace((/^#!/), '//');","        /* jslint-ignore-end */","        local.assetsDict['/favicon.ico'] = local.assetsDict['/favicon.ico'] || '';","        // if $npm_config_timeout_exit exists,","        // then exit this process after $npm_config_timeout_exit ms","        if (Number(process.env.npm_config_timeout_exit)) {","            setTimeout(process.exit, Number(process.env.npm_config_timeout_exit));","        }","        // start server","        if (local.global.utility2_serverHttp1) {","            break;","        }","        process.env.PORT = process.env.PORT || '8081';","        console.error('server starting on port ' + process.env.PORT);","        local.http.createServer(function (request, response) {","            request.urlParsed = local.url.parse(request.url);","            if (local.assetsDict[request.urlParsed.pathname] !== undefined) {","                response.end(local.assetsDict[request.urlParsed.pathname]);","                return;","            }","            response.statusCode = 404;","            response.end();","        }).listen(process.env.PORT);","        break;","    }","}());",""],"l":{"26":2,"28":2,"33":2,"35":2,"37":2,"38":2,"39":2,"44":1,"51":2,"55":2,"59":2,"61":2,"69":1,"70":2,"76":2,"79":2,"82":2,"83":2,"85":1,"89":2,"92":1,"93":1,"94":1,"96":1,"97":1,"100":1,"101":1,"103":1,"106":1,"108":2,"114":1,"116":1,"118":1,"123":1,"124":2,"125":2,"126":3,"127":3,"128":3,"129":3,"130":1,"133":3,"134":3,"139":3,"143":1,"144":3,"145":1,"149":1,"150":1,"158":1,"160":1,"161":1,"162":1,"164":1,"166":1,"258":1,"259":1,"271":1,"274":6,"275":6,"277":1,"279":2,"281":1,"283":2,"288":1,"289":1,"291":1,"296":1,"303":1,"306":1,"307":1,"310":1,"311":1,"313":1,"314":1,"315":1,"316":1,"317":1,"318":1,"319":1,"321":1,"322":1,"324":1}},"/home/travis/build/npmtest/node-npmtest-catberry/node_modules/catberry/index.js":{"path":"/home/travis/build/npmtest/node-npmtest-catberry/node_modules/catberry/index.js","s":{"1":1},"b":{},"f":{},"fnMap":{},"statementMap":{"1":{"start":{"line":3,"column":0},"end":{"line":3,"column":47}}},"branchMap":{},"code":["'use strict';","","module.exports = require('./lib/Bootstrapper');",""],"l":{"3":1}},"/home/travis/build/npmtest/node-npmtest-catberry/node_modules/catberry/lib/Bootstrapper.js":{"path":"/home/travis/build/npmtest/node-npmtest-catberry/node_modules/catberry/lib/Bootstrapper.js","s":{"1":1,"2":1,"3":1,"4":1,"5":1,"6":1,"7":1,"8":1,"9":1,"10":1,"11":1,"12":1,"13":1,"14":1,"15":1,"16":0,"17":0,"18":0,"19":0,"20":0,"21":0,"22":0,"23":0,"24":0,"25":0,"26":1},"b":{"1":[1,1]},"f":{"1":1,"2":0},"fnMap":{"1":{"name":"(anonymous_1)","line":28,"loc":{"start":{"line":28,"column":12},"end":{"line":28,"column":15}}},"2":{"name":"(anonymous_2)","line":37,"loc":{"start":{"line":37,"column":10},"end":{"line":37,"column":34}}}},"statementMap":{"1":{"start":{"line":3,"column":0},"end":{"line":3,"column":29}},"2":{"start":{"line":4,"column":0},"end":{"line":4,"column":53}},"3":{"start":{"line":5,"column":0},"end":{"line":5,"column":67}},"4":{"start":{"line":6,"column":0},"end":{"line":6,"column":49}},"5":{"start":{"line":7,"column":0},"end":{"line":7,"column":72}},"6":{"start":{"line":8,"column":0},"end":{"line":8,"column":74}},"7":{"start":{"line":9,"column":0},"end":{"line":9,"column":53}},"8":{"start":{"line":10,"column":0},"end":{"line":10,"column":61}},"9":{"start":{"line":11,"column":0},"end":{"line":11,"column":60}},"10":{"start":{"line":12,"column":0},"end":{"line":12,"column":39}},"11":{"start":{"line":14,"column":0},"end":{"line":14,"column":21}},"12":{"start":{"line":16,"column":0},"end":{"line":20,"column":1}},"13":{"start":{"line":17,"column":1},"end":{"line":17,"column":64}},"14":{"start":{"line":21,"column":0},"end":{"line":21,"column":42}},"15":{"start":{"line":29,"column":2},"end":{"line":29,"column":18}},"16":{"start":{"line":38,"column":2},"end":{"line":38,"column":41}},"17":{"start":{"line":40,"column":2},"end":{"line":40,"column":55}},"18":{"start":{"line":41,"column":2},"end":{"line":41,"column":59}},"19":{"start":{"line":42,"column":2},"end":{"line":42,"column":51}},"20":{"start":{"line":44,"column":2},"end":{"line":44,"column":71}},"21":{"start":{"line":45,"column":2},"end":{"line":45,"column":73}},"22":{"start":{"line":46,"column":2},"end":{"line":46,"column":53}},"23":{"start":{"line":47,"column":2},"end":{"line":47,"column":61}},"24":{"start":{"line":49,"column":2},"end":{"line":51,"column":4}},"25":{"start":{"line":50,"column":3},"end":{"line":50,"column":63}},"26":{"start":{"line":55,"column":0},"end":{"line":55,"column":36}}},"branchMap":{"1":{"line":21,"type":"binary-expr","locations":[{"start":{"line":21,"column":19},"end":{"line":21,"column":35}},{"start":{"line":21,"column":39},"end":{"line":21,"column":41}}]}},"code":["'use strict';","","const path = require('path');","const StoreDispatcher = require('./StoreDispatcher');","const ModuleApiProvider = require('./providers/ModuleApiProvider');","const CookieWrapper = require('./CookieWrapper');","const BrowserBundleBuilder = require('./builders/BrowserBundleBuilder');","const AppDefinitionsBuilder = require('./builders/AppDefinitionsBuilder');","const StoreFinder = require('./finders/StoreFinder');","const ComponentFinder = require('./finders/ComponentFinder');","const BootstrapperBase = require('./base/BootstrapperBase');","const Catberry = require('./Catberry');","","var routeDefinitions;","// try to load list of URI mappers","try {","\trouteDefinitions = require(path.join(process.cwd(), 'routes'));","} catch (e) {","\t// nothing to do here","}","routeDefinitions = routeDefinitions || [];","","class Bootstrapper extends BootstrapperBase {","","\t/**","\t * Creates a new instance of the server-side Catberry's bootstrapper.","\t */","\tconstructor() {","\t\tsuper(Catberry);","\t}","","\t/**","\t * Configures a Catberry's locator.","\t * @param {Object} configObject Config object.","\t * @param {ServiceLocator} locator Service locator to configure.","\t */","\tconfigure(configObject, locator) {","\t\tsuper.configure(configObject, locator);","","\t\tlocator.register('storeDispatcher', StoreDispatcher);","\t\tlocator.register('moduleApiProvider', ModuleApiProvider);","\t\tlocator.register('cookieWrapper', CookieWrapper);","","\t\tlocator.register('browserBundleBuilder', BrowserBundleBuilder, true);","\t\tlocator.register('appDefinitionsBuilder', AppDefinitionsBuilder, true);","\t\tlocator.register('storeFinder', StoreFinder, true);","\t\tlocator.register('componentFinder', ComponentFinder, true);","","\t\trouteDefinitions.forEach(routeDefinition =>","\t\t\tlocator.registerInstance('routeDefinition', routeDefinition)","\t\t);","\t}","}","","module.exports = new Bootstrapper();",""],"l":{"3":1,"4":1,"5":1,"6":1,"7":1,"8":1,"9":1,"10":1,"11":1,"12":1,"14":1,"16":1,"17":1,"21":1,"29":1,"38":0,"40":0,"41":0,"42":0,"44":0,"45":0,"46":0,"47":0,"49":0,"50":0,"55":1}},"/home/travis/build/npmtest/node-npmtest-catberry/node_modules/catberry/lib/StoreDispatcher.js":{"path":"/home/travis/build/npmtest/node-npmtest-catberry/node_modules/catberry/lib/StoreDispatcher.js","s":{"1":1,"2":1,"3":1,"4":1,"5":0,"6":0,"7":0,"8":0,"9":0,"10":0,"11":0,"12":0,"13":0,"14":0,"15":0,"16":0,"17":0,"18":0,"19":0,"20":0,"21":0,"22":0,"23":0,"24":0,"25":0,"26":0,"27":0,"28":0,"29":0,"30":0,"31":0,"32":0,"33":0,"34":0,"35":0,"36":0,"37":0,"38":0,"39":0,"40":0,"41":0,"42":0,"43":0,"44":0,"45":0,"46":0,"47":0,"48":0,"49":0,"50":0,"51":0,"52":0,"53":0,"54":0,"55":0,"56":0,"57":0,"58":0,"59":0,"60":0,"61":0,"62":0,"63":0,"64":0,"65":0,"66":0,"67":0,"68":0,"69":0,"70":0,"71":0,"72":0,"73":0,"74":0,"75":0,"76":0,"77":0,"78":0,"79":0,"80":0,"81":0,"82":0,"83":0,"84":0,"85":0,"86":0,"87":0,"88":0,"89":0,"90":0,"91":0,"92":0,"93":0,"94":0,"95":0,"96":0,"97":0,"98":0,"99":0,"100":0,"101":0,"102":0,"103":0,"104":0,"105":0,"106":0,"107":0,"108":0,"109":0,"110":0,"111":0,"112":0,"113":0,"114":0,"115":0,"116":0,"117":0,"118":0,"119":0,"120":0,"121":0,"122":0,"123":0,"124":0,"125":0,"126":0,"127":0,"128":0,"129":0,"130":0,"131":0,"132":0,"133":0,"134":1},"b":{"1":[0,0],"2":[0,0],"3":[0,0],"4":[0,0],"5":[0,0],"6":[0,0],"7":[0,0],"8":[0,0],"9":[0,0],"10":[0,0],"11":[0,0],"12":[0,0],"13":[0,0],"14":[0,0],"15":[0,0],"16":[0,0],"17":[0,0],"18":[0,0],"19":[0,0],"20":[0,0],"21":[0,0],"22":[0,0],"23":[0,0],"24":[0,0],"25":[0,0]},"f":{"1":0,"2":0,"3":0,"4":0,"5":0,"6":0,"7":0,"8":0},"fnMap":{"1":{"name":"(anonymous_1)","line":15,"loc":{"start":{"line":15,"column":12},"end":{"line":15,"column":22}}},"2":{"name":"(anonymous_2)","line":86,"loc":{"start":{"line":86,"column":13},"end":{"line":86,"column":25}}},"3":{"name":"(anonymous_3)","line":136,"loc":{"start":{"line":136,"column":11},"end":{"line":136,"column":41}}},"4":{"name":"(anonymous_4)","line":169,"loc":{"start":{"line":169,"column":9},"end":{"line":169,"column":36}}},"5":{"name":"(anonymous_5)","line":257,"loc":{"start":{"line":257,"column":17},"end":{"line":257,"column":29}}},"6":{"name":"(anonymous_6)","line":309,"loc":{"start":{"line":309,"column":9},"end":{"line":309,"column":21}}},"7":{"name":"(anonymous_7)","line":343,"loc":{"start":{"line":343,"column":20},"end":{"line":343,"column":27}}},"8":{"name":"(anonymous_8)","line":351,"loc":{"start":{"line":351,"column":12},"end":{"line":351,"column":15}}}},"statementMap":{"1":{"start":{"line":3,"column":0},"end":{"line":3,"column":49}},"2":{"start":{"line":4,"column":0},"end":{"line":4,"column":55}},"3":{"start":{"line":5,"column":0},"end":{"line":5,"column":59}},"4":{"start":{"line":7,"column":0},"end":{"line":7,"column":31}},"5":{"start":{"line":22,"column":2},"end":{"line":22,"column":33}},"6":{"start":{"line":29,"column":2},"end":{"line":29,"column":53}},"7":{"start":{"line":36,"column":2},"end":{"line":36,"column":47}},"8":{"start":{"line":43,"column":2},"end":{"line":43,"column":45}},"9":{"start":{"line":50,"column":2},"end":{"line":50,"column":39}},"10":{"start":{"line":57,"column":2},"end":{"line":57,"column":25}},"11":{"start":{"line":64,"column":2},"end":{"line":64,"column":41}},"12":{"start":{"line":71,"column":2},"end":{"line":71,"column":44}},"13":{"start":{"line":78,"column":2},"end":{"line":78,"column":35}},"14":{"start":{"line":87,"column":2},"end":{"line":89,"column":3}},"15":{"start":{"line":88,"column":3},"end":{"line":88,"column":29}},"16":{"start":{"line":90,"column":2},"end":{"line":92,"column":3}},"17":{"start":{"line":91,"column":3},"end":{"line":91,"column":32}},"18":{"start":{"line":93,"column":2},"end":{"line":99,"column":3}},"19":{"start":{"line":94,"column":3},"end":{"line":94,"column":70}},"20":{"start":{"line":95,"column":3},"end":{"line":97,"column":4}},"21":{"start":{"line":96,"column":4},"end":{"line":96,"column":59}},"22":{"start":{"line":98,"column":3},"end":{"line":98,"column":36}},"23":{"start":{"line":100,"column":2},"end":{"line":102,"column":5}},"24":{"start":{"line":104,"column":2},"end":{"line":104,"column":41}},"25":{"start":{"line":105,"column":2},"end":{"line":107,"column":3}},"26":{"start":{"line":106,"column":3},"end":{"line":106,"column":46}},"27":{"start":{"line":109,"column":2},"end":{"line":111,"column":20}},"28":{"start":{"line":113,"column":2},"end":{"line":126,"column":6}},"29":{"start":{"line":115,"column":4},"end":{"line":119,"column":6}},"30":{"start":{"line":120,"column":4},"end":{"line":124,"column":7}},"31":{"start":{"line":125,"column":4},"end":{"line":125,"column":16}},"32":{"start":{"line":137,"column":2},"end":{"line":139,"column":3}},"33":{"start":{"line":138,"column":3},"end":{"line":138,"column":29}},"34":{"start":{"line":140,"column":2},"end":{"line":144,"column":4}},"35":{"start":{"line":145,"column":2},"end":{"line":145,"column":51}},"36":{"start":{"line":147,"column":2},"end":{"line":147,"column":41}},"37":{"start":{"line":148,"column":2},"end":{"line":150,"column":3}},"38":{"start":{"line":149,"column":3},"end":{"line":149,"column":46}},"39":{"start":{"line":152,"column":2},"end":{"line":154,"column":4}},"40":{"start":{"line":155,"column":2},"end":{"line":159,"column":6}},"41":{"start":{"line":155,"column":43},"end":{"line":155,"column":61}},"42":{"start":{"line":157,"column":4},"end":{"line":157,"column":53}},"43":{"start":{"line":158,"column":4},"end":{"line":158,"column":18}},"44":{"start":{"line":170,"column":2},"end":{"line":170,"column":49}},"45":{"start":{"line":172,"column":2},"end":{"line":172,"column":54}},"46":{"start":{"line":173,"column":2},"end":{"line":173,"column":49}},"47":{"start":{"line":174,"column":2},"end":{"line":178,"column":5}},"48":{"start":{"line":175,"column":3},"end":{"line":177,"column":4}},"49":{"start":{"line":176,"column":4},"end":{"line":176,"column":100}},"50":{"start":{"line":180,"column":2},"end":{"line":184,"column":3}},"51":{"start":{"line":181,"column":3},"end":{"line":181,"column":44}},"52":{"start":{"line":182,"column":3},"end":{"line":182,"column":32}},"53":{"start":{"line":183,"column":3},"end":{"line":183,"column":13}},"54":{"start":{"line":187,"column":2},"end":{"line":187,"column":38}},"55":{"start":{"line":189,"column":2},"end":{"line":193,"column":6}},"56":{"start":{"line":190,"column":24},"end":{"line":190,"column":50}},"57":{"start":{"line":192,"column":4},"end":{"line":192,"column":25}},"58":{"start":{"line":195,"column":2},"end":{"line":220,"column":6}},"59":{"start":{"line":198,"column":4},"end":{"line":201,"column":5}},"60":{"start":{"line":199,"column":5},"end":{"line":199,"column":31}},"61":{"start":{"line":200,"column":5},"end":{"line":200,"column":12}},"62":{"start":{"line":204,"column":4},"end":{"line":204,"column":71}},"63":{"start":{"line":205,"column":4},"end":{"line":205,"column":69}},"64":{"start":{"line":207,"column":4},"end":{"line":210,"column":5}},"65":{"start":{"line":208,"column":5},"end":{"line":208,"column":31}},"66":{"start":{"line":209,"column":5},"end":{"line":209,"column":12}},"67":{"start":{"line":212,"column":4},"end":{"line":219,"column":7}},"68":{"start":{"line":213,"column":5},"end":{"line":217,"column":6}},"69":{"start":{"line":215,"column":6},"end":{"line":215,"column":32}},"70":{"start":{"line":216,"column":6},"end":{"line":216,"column":19}},"71":{"start":{"line":218,"column":5},"end":{"line":218,"column":17}},"72":{"start":{"line":222,"column":2},"end":{"line":222,"column":31}},"73":{"start":{"line":223,"column":2},"end":{"line":229,"column":3}},"74":{"start":{"line":224,"column":3},"end":{"line":224,"column":44}},"75":{"start":{"line":225,"column":3},"end":{"line":228,"column":7}},"76":{"start":{"line":227,"column":5},"end":{"line":227,"column":81}},"77":{"start":{"line":231,"column":2},"end":{"line":231,"column":48}},"78":{"start":{"line":232,"column":2},"end":{"line":242,"column":6}},"79":{"start":{"line":234,"column":4},"end":{"line":234,"column":43}},"80":{"start":{"line":235,"column":4},"end":{"line":237,"column":5}},"81":{"start":{"line":236,"column":5},"end":{"line":236,"column":12}},"82":{"start":{"line":238,"column":4},"end":{"line":241,"column":8}},"83":{"start":{"line":240,"column":6},"end":{"line":240,"column":37}},"84":{"start":{"line":244,"column":2},"end":{"line":247,"column":5}},"85":{"start":{"line":248,"column":2},"end":{"line":248,"column":40}},"86":{"start":{"line":258,"column":2},"end":{"line":258,"column":64}},"87":{"start":{"line":259,"column":2},"end":{"line":259,"column":65}},"88":{"start":{"line":260,"column":2},"end":{"line":262,"column":4}},"89":{"start":{"line":264,"column":2},"end":{"line":281,"column":4}},"90":{"start":{"line":265,"column":3},"end":{"line":265,"column":38}},"91":{"start":{"line":266,"column":3},"end":{"line":266,"column":30}},"92":{"start":{"line":268,"column":3},"end":{"line":279,"column":4}},"93":{"start":{"line":269,"column":4},"end":{"line":269,"column":37}},"94":{"start":{"line":270,"column":4},"end":{"line":272,"column":5}},"95":{"start":{"line":271,"column":5},"end":{"line":271,"column":14}},"96":{"start":{"line":273,"column":4},"end":{"line":273,"column":27}},"97":{"start":{"line":274,"column":4},"end":{"line":276,"column":5}},"98":{"start":{"line":275,"column":5},"end":{"line":275,"column":72}},"99":{"start":{"line":277,"column":4},"end":{"line":277,"column":35}},"100":{"start":{"line":278,"column":4},"end":{"line":278,"column":49}},"101":{"start":{"line":280,"column":3},"end":{"line":280,"column":30}},"102":{"start":{"line":283,"column":2},"end":{"line":285,"column":38}},"103":{"start":{"line":283,"column":49},"end":{"line":285,"column":37}},"104":{"start":{"line":287,"column":2},"end":{"line":292,"column":4}},"105":{"start":{"line":288,"column":3},"end":{"line":290,"column":4}},"106":{"start":{"line":289,"column":4},"end":{"line":289,"column":49}},"107":{"start":{"line":291,"column":3},"end":{"line":291,"column":44}},"108":{"start":{"line":293,"column":2},"end":{"line":298,"column":4}},"109":{"start":{"line":294,"column":3},"end":{"line":296,"column":4}},"110":{"start":{"line":295,"column":4},"end":{"line":295,"column":11}},"111":{"start":{"line":297,"column":3},"end":{"line":297,"column":44}},"112":{"start":{"line":299,"column":2},"end":{"line":299,"column":94}},"113":{"start":{"line":299,"column":55},"end":{"line":299,"column":93}},"114":{"start":{"line":301,"column":2},"end":{"line":301,"column":22}},"115":{"start":{"line":310,"column":2},"end":{"line":312,"column":3}},"116":{"start":{"line":311,"column":3},"end":{"line":311,"column":15}},"117":{"start":{"line":313,"column":2},"end":{"line":313,"column":48}},"118":{"start":{"line":314,"column":2},"end":{"line":316,"column":3}},"119":{"start":{"line":315,"column":3},"end":{"line":315,"column":16}},"120":{"start":{"line":318,"column":2},"end":{"line":318,"column":54}},"121":{"start":{"line":319,"column":2},"end":{"line":319,"column":56}},"122":{"start":{"line":320,"column":2},"end":{"line":322,"column":3}},"123":{"start":{"line":321,"column":3},"end":{"line":321,"column":15}},"124":{"start":{"line":324,"column":2},"end":{"line":324,"column":61}},"125":{"start":{"line":325,"column":2},"end":{"line":325,"column":77}},"126":{"start":{"line":326,"column":2},"end":{"line":326,"column":83}},"127":{"start":{"line":327,"column":2},"end":{"line":327,"column":85}},"128":{"start":{"line":329,"column":2},"end":{"line":334,"column":5}},"129":{"start":{"line":330,"column":3},"end":{"line":332,"column":5}},"130":{"start":{"line":333,"column":3},"end":{"line":333,"column":50}},"131":{"start":{"line":335,"column":2},"end":{"line":335,"column":41}},"132":{"start":{"line":344,"column":2},"end":{"line":344,"column":64}},"133":{"start":{"line":352,"column":2},"end":{"line":352,"column":77}},"134":{"start":{"line":356,"column":0},"end":{"line":356,"column":33}}},"branchMap":{"1":{"line":87,"type":"if","locations":[{"start":{"line":87,"column":2},"end":{"line":87,"column":2}},{"start":{"line":87,"column":2},"end":{"line":87,"column":2}}]},"2":{"line":90,"type":"if","locations":[{"start":{"line":90,"column":2},"end":{"line":90,"column":2}},{"start":{"line":90,"column":2},"end":{"line":90,"column":2}}]},"3":{"line":93,"type":"if","locations":[{"start":{"line":93,"column":2},"end":{"line":93,"column":2}},{"start":{"line":93,"column":2},"end":{"line":93,"column":2}}]},"4":{"line":95,"type":"if","locations":[{"start":{"line":95,"column":3},"end":{"line":95,"column":3}},{"start":{"line":95,"column":3},"end":{"line":95,"column":3}}]},"5":{"line":105,"type":"if","locations":[{"start":{"line":105,"column":2},"end":{"line":105,"column":2}},{"start":{"line":105,"column":2},"end":{"line":105,"column":2}}]},"6":{"line":109,"type":"cond-expr","locations":[{"start":{"line":110,"column":3},"end":{"line":110,"column":18}},{"start":{"line":111,"column":3},"end":{"line":111,"column":19}}]},"7":{"line":137,"type":"if","locations":[{"start":{"line":137,"column":2},"end":{"line":137,"column":2}},{"start":{"line":137,"column":2},"end":{"line":137,"column":2}}]},"8":{"line":148,"type":"if","locations":[{"start":{"line":148,"column":2},"end":{"line":148,"column":2}},{"start":{"line":148,"column":2},"end":{"line":148,"column":2}}]},"9":{"line":170,"type":"binary-expr","locations":[{"start":{"line":170,"column":15},"end":{"line":170,"column":25}},{"start":{"line":170,"column":29},"end":{"line":170,"column":48}}]},"10":{"line":175,"type":"if","locations":[{"start":{"line":175,"column":3},"end":{"line":175,"column":3}},{"start":{"line":175,"column":3},"end":{"line":175,"column":3}}]},"11":{"line":180,"type":"if","locations":[{"start":{"line":180,"column":2},"end":{"line":180,"column":2}},{"start":{"line":180,"column":2},"end":{"line":180,"column":2}}]},"12":{"line":198,"type":"if","locations":[{"start":{"line":198,"column":4},"end":{"line":198,"column":4}},{"start":{"line":198,"column":4},"end":{"line":198,"column":4}}]},"13":{"line":207,"type":"if","locations":[{"start":{"line":207,"column":4},"end":{"line":207,"column":4}},{"start":{"line":207,"column":4},"end":{"line":207,"column":4}}]},"14":{"line":213,"type":"if","locations":[{"start":{"line":213,"column":5},"end":{"line":213,"column":5}},{"start":{"line":213,"column":5},"end":{"line":213,"column":5}}]},"15":{"line":223,"type":"if","locations":[{"start":{"line":223,"column":2},"end":{"line":223,"column":2}},{"start":{"line":223,"column":2},"end":{"line":223,"column":2}}]},"16":{"line":235,"type":"if","locations":[{"start":{"line":235,"column":4},"end":{"line":235,"column":4}},{"start":{"line":235,"column":4},"end":{"line":235,"column":4}}]},"17":{"line":261,"type":"binary-expr","locations":[{"start":{"line":261,"column":26},"end":{"line":261,"column":52}},{"start":{"line":261,"column":56},"end":{"line":261,"column":75}}]},"18":{"line":270,"type":"if","locations":[{"start":{"line":270,"column":4},"end":{"line":270,"column":4}},{"start":{"line":270,"column":4},"end":{"line":270,"column":4}}]},"19":{"line":274,"type":"if","locations":[{"start":{"line":274,"column":4},"end":{"line":274,"column":4}},{"start":{"line":274,"column":4},"end":{"line":274,"column":4}}]},"20":{"line":283,"type":"cond-expr","locations":[{"start":{"line":284,"column":3},"end":{"line":284,"column":24}},{"start":{"line":285,"column":3},"end":{"line":285,"column":37}}]},"21":{"line":288,"type":"if","locations":[{"start":{"line":288,"column":3},"end":{"line":288,"column":3}},{"start":{"line":288,"column":3},"end":{"line":288,"column":3}}]},"22":{"line":294,"type":"if","locations":[{"start":{"line":294,"column":3},"end":{"line":294,"column":3}},{"start":{"line":294,"column":3},"end":{"line":294,"column":3}}]},"23":{"line":310,"type":"if","locations":[{"start":{"line":310,"column":2},"end":{"line":310,"column":2}},{"start":{"line":310,"column":2},"end":{"line":310,"column":2}}]},"24":{"line":314,"type":"if","locations":[{"start":{"line":314,"column":2},"end":{"line":314,"column":2}},{"start":{"line":314,"column":2},"end":{"line":314,"column":2}}]},"25":{"line":320,"type":"if","locations":[{"start":{"line":320,"column":2},"end":{"line":320,"column":2}},{"start":{"line":320,"column":2},"end":{"line":320,"column":2}}]}},"code":["'use strict';","","const SerialWrapper = require('./SerialWrapper');","const moduleHelper = require('./helpers/moduleHelper');","const propertyHelper = require('./helpers/propertyHelper');","","const DEFAULT_LIFETIME = 60000;","","class StoreDispatcher {","","\t/**","\t * Creates a new instance of the store dispatcher.","\t * @param {ServiceLocator} locator Locator for resolving dependencies.","\t */","\tconstructor(locator) {","","\t\t/**","\t\t * Current service locator.","\t\t * @type {ServiceLocator}","\t\t * @private","\t\t */","\t\tthis._serviceLocator = locator;","","\t\t/**","\t\t * Current store loader.","\t\t * @type {StoreLoader}","\t\t * @private","\t\t */","\t\tthis._storeLoader = locator.resolve('storeLoader');","","\t\t/**","\t\t * Current event bus.","\t\t * @type {EventEmitter}","\t\t * @private","\t\t */","\t\tthis._eventBus = locator.resolve('eventBus');","","\t\t/**","\t\t * Current map of all store instances.","\t\t * @type {null}","\t\t * @private","\t\t */","\t\tthis._storeInstances = Object.create(null);","","\t\t/**","\t\t * Current map of last data for each store.","\t\t * @type {Object}","\t\t * @private","\t\t */","\t\tthis._lastData = Object.create(null);","","\t\t/**","\t\t * Current map of last state of store dispatcher.","\t\t * @type {Object}","\t\t * @private","\t\t */","\t\tthis._lastState = null;","","\t\t/**","\t\t * Current set of store dependency graph.","\t\t * @type {Object}","\t\t * @private","\t\t */","\t\tthis._dependants = Object.create(null);","","\t\t/**","\t\t * Current serial wrapper.","\t\t * @type {SerialWrapper}","\t\t * @private","\t\t */","\t\tthis._serialWrapper = new SerialWrapper();","","\t\t/**","\t\t * Current basic context for all store contexts.","\t\t * @type {Object}","\t\t * @private","\t\t */","\t\tthis._currentBasicContext = null;","\t}","","\t/**","\t * Gets store data and creates a store instance if required.","\t * @param {string} storeName Name of store.","\t * @returns {Object} Store's data.","\t */","\tgetStoreData(storeName) {","\t\tif (!this._lastState) {","\t\t\treturn this._errorState();","\t\t}","\t\tif (typeof (storeName) !== 'string') {","\t\t\treturn Promise.resolve(null);","\t\t}","\t\tif (storeName in this._lastData) {","\t\t\tconst existTime = Date.now() - this._lastData[storeName].createdAt;","\t\t\tif (existTime <= this._lastData[storeName].lifetime) {","\t\t\t\treturn Promise.resolve(this._lastData[storeName].data);","\t\t\t}","\t\t\tdelete this._lastData[storeName];","\t\t}","\t\tthis._eventBus.emit('storeDataLoad', {","\t\t\tname: storeName","\t\t});","","\t\tconst store = this.getStore(storeName);","\t\tif (!store) {","\t\t\treturn this._errorStoreNotFound(storeName);","\t\t}","","\t\tconst lifetime = typeof (store.$lifetime) === 'number' ?","\t\t\tstore.$lifetime :","\t\t\tDEFAULT_LIFETIME;","","\t\treturn this._serialWrapper.invoke(storeName)","\t\t\t.then(data => {","\t\t\t\tthis._lastData[storeName] = {","\t\t\t\t\tdata,","\t\t\t\t\tlifetime,","\t\t\t\t\tcreatedAt: Date.now()","\t\t\t\t};","\t\t\t\tthis._eventBus.emit('storeDataLoaded', {","\t\t\t\t\tname: storeName,","\t\t\t\t\tdata,","\t\t\t\t\tlifetime","\t\t\t\t});","\t\t\t\treturn data;","\t\t\t});","\t}","","\t/**","\t * Sends an action to the specified store and resolves promises in the serial mode.","\t * @param {string} storeName Name of the store.","\t * @param {string} actionName Name of the action.","\t * @param {Object} args Action arguments.","\t * @returns {Promise<*>} Promise for an action handling result.","\t */","\tsendAction(storeName, actionName, args) {","\t\tif (!this._lastState) {","\t\t\treturn this._errorState();","\t\t}","\t\tconst actionDetails = {","\t\t\tstoreName,","\t\t\tactionName,","\t\t\targs","\t\t};","\t\tthis._eventBus.emit('actionSend', actionDetails);","","\t\tconst store = this.getStore(storeName);","\t\tif (!store) {","\t\t\treturn this._errorStoreNotFound(storeName);","\t\t}","","\t\tconst handleMethod = moduleHelper.getMethodToInvoke(","\t\t\tstore, 'handle', actionName","\t\t);","\t\treturn moduleHelper.getSafePromise(() => handleMethod(args))","\t\t\t.then(result => {","\t\t\t\tthis._eventBus.emit('actionSent', actionDetails);","\t\t\t\treturn result;","\t\t\t});","\t}","","\t/**","\t * Sets a new state to the store dispatcher and invokes the \"changed\" method for all","\t * stores which state has been changed.","\t * @param {Object} parameters Map of new parameters.","\t * @param {Object} basicContext Basic context for all stores.","\t * @returns {Array<string>} Names of stores that have been changed.","\t */","\tsetState(parameters, basicContext) {","\t\tparameters = parameters || Object.create(null);","","\t\tconst stores = this._storeLoader.getStoresByNames();","\t\tconst parameterNames = Object.keys(parameters);","\t\tparameterNames.forEach(storeName => {","\t\t\tif (!(storeName in stores)) {","\t\t\t\tthis._eventBus.emit('warn', `Store \"${storeName}\" does not exist (might be a typo in a route)`);","\t\t\t}","\t\t});","","\t\tif (!this._lastState) {","\t\t\tthis._currentBasicContext = basicContext;","\t\t\tthis._lastState = parameters;","\t\t\treturn [];","\t\t}","","\t\t// some store's parameters can be removed since last time","\t\tconst changed = Object.create(null);","","\t\tObject.keys(this._lastState)","\t\t\t.filter(storeName => !(storeName in parameters))","\t\t\t.forEach(name => {","\t\t\t\tchanged[name] = true;","\t\t\t});","","\t\tparameterNames","\t\t\t.forEach(storeName => {","\t\t\t\t// new parameters were set for store","\t\t\t\tif (!(storeName in this._lastState)) {","\t\t\t\t\tchanged[storeName] = true;","\t\t\t\t\treturn;","\t\t\t\t}","","\t\t\t\t// new and last parameters has different values","\t\t\t\tconst lastParameterNames = Object.keys(this._lastState[storeName]);","\t\t\t\tconst currentParameterNames = Object.keys(parameters[storeName]);","","\t\t\t\tif (currentParameterNames.length !== lastParameterNames.length) {","\t\t\t\t\tchanged[storeName] = true;","\t\t\t\t\treturn;","\t\t\t\t}","","\t\t\t\tcurrentParameterNames.every(parameterName => {","\t\t\t\t\tif (parameters[storeName][parameterName] !==","\t\t\t\t\t\tthis._lastState[storeName][parameterName]) {","\t\t\t\t\t\tchanged[storeName] = true;","\t\t\t\t\t\treturn false;","\t\t\t\t\t}","\t\t\t\t\treturn true;","\t\t\t\t});","\t\t\t});","","\t\tthis._lastState = parameters;","\t\tif (this._currentBasicContext !== basicContext) {","\t\t\tthis._currentBasicContext = basicContext;","\t\t\tObject.keys(this._storeInstances)","\t\t\t\t.forEach(storeName => {","\t\t\t\t\tthis._storeInstances[storeName].$context = this._getStoreContext(storeName);","\t\t\t\t});","\t\t}","","\t\tconst changedStoreNames = Object.create(null);","\t\tObject.keys(changed)","\t\t\t.forEach(storeName => {","\t\t\t\tconst store = this.getStore(storeName);","\t\t\t\tif (!store) {","\t\t\t\t\treturn;","\t\t\t\t}","\t\t\t\tstore.$context.changed()","\t\t\t\t\t.forEach(name => {","\t\t\t\t\t\tchangedStoreNames[name] = true;","\t\t\t\t\t});","\t\t\t});","","\t\tthis._eventBus.emit('stateChanged', {","\t\t\toldState: this._lastState,","\t\t\tnewState: parameters","\t\t});","\t\treturn Object.keys(changedStoreNames);","\t}","","\t/**","\t * Gets a context for a store using component's context as a prototype.","\t * @param {string} storeName Name of the store.","\t * @returns {Object} Store context.","\t * @private","\t */","\t_getStoreContext(storeName) {","\t\tconst storeContext = Object.create(this._currentBasicContext);","\t\tpropertyHelper.defineReadOnly(storeContext, 'name', storeName);","\t\tpropertyHelper.defineReadOnly(","\t\t\tstoreContext, 'state', this._lastState[storeName] || Object.create(null)","\t\t);","","\t\tstoreContext.changed = () => {","\t\t\tconst walked = Object.create(null);","\t\t\tvar toChange = [storeName];","","\t\t\twhile (toChange.length > 0) {","\t\t\t\tconst current = toChange.shift();","\t\t\t\tif (current in walked) {","\t\t\t\t\tcontinue;","\t\t\t\t}","\t\t\t\twalked[current] = true;","\t\t\t\tif (current in this._dependants) {","\t\t\t\t\ttoChange = toChange.concat(Object.keys(this._dependants[current]));","\t\t\t\t}","\t\t\t\tdelete this._lastData[current];","\t\t\t\tthis._eventBus.emit('storeChanged', current);","\t\t\t}","\t\t\treturn Object.keys(walked);","\t\t};","","\t\tstoreContext.getStoreData = sourceStoreName => sourceStoreName === storeName ?","\t\t\tPromise.resolve(null) :","\t\t\tthis.getStoreData(sourceStoreName);","","\t\tstoreContext.setDependency = name => {","\t\t\tif (!(name in this._dependants)) {","\t\t\t\tthis._dependants[name] = Object.create(null);","\t\t\t}","\t\t\tthis._dependants[name][storeName] = true;","\t\t};","\t\tstoreContext.unsetDependency = name => {","\t\t\tif (!(name in this._dependants)) {","\t\t\t\treturn;","
[...]
(componentPromises);","\t\t\t})","\t\t\t.then(components => {","\t\t\t\tcomponents.forEach(component => {","\t\t\t\t\tif (!component) {","\t\t\t\t\t\treturn;","\t\t\t\t\t}","\t\t\t\t\tthis._loadedComponents[component.name] = component;","\t\t\t\t});","\t\t\t\tthis._eventBus.emit('allComponentsLoaded', components);","\t\t\t\treturn this._loadedComponents;","\t\t\t});","\t}","","\t/**","\t * Processes a component and applies required operations.","\t * @param {Object} componentDetails The loaded component details.","\t * @returns {Promise<Object>} The promise for the component object.","\t * @private","\t */","\t_processComponent(componentDetails) {","\t\tvar component = Object.create(componentDetails);","","\t\treturn this._applyTransforms(component)","\t\t\t.then(transformed => {","\t\t\t\tif (!transformed) {","\t\t\t\t\tthrow new Error(`Transformation for the \"${componentDetails.name}\" component returned a bad result`);","\t\t\t\t}","\t\t\t\tcomponent = Object.create(transformed);","\t\t\t\tcomponent.templateProvider = this._templateProvidersByNames[component.templateProviderName];","\t\t\t\tcomponent.errorTemplateProvider = this._templateProvidersByNames[component.errorTemplateProviderName];","","\t\t\t\tif (!component.templateProvider &&","\t\t\t\t\t\t(component.errorTemplateProviderName && !component.errorTemplateProvider)) {","\t\t\t\t\tthrow new Error(`Template provider required by the component \"${component.name}\" not found`);","\t\t\t\t}","","\t\t\t\ttemplateHelper.registerTemplates(component);","","\t\t\t\tthis._eventBus.emit('componentLoaded', component);","\t\t\t\treturn component;","\t\t\t})","\t\t\t.catch(reason => {","\t\t\t\tthis._eventBus.emit('error', reason);","\t\t\t\treturn null;","\t\t\t});","\t}","","\t/**","\t * Gets a map of components by their names.","\t * @returns {Object} The map of the components by their names.","\t */","\tgetComponentsByNames() {","\t\treturn this._loadedComponents || Object.create(null);","\t}","}","","module.exports = ComponentLoader;",""],"l":{"3":1,"4":1,"5":1,"14":0,"15":0,"16":0,"18":0,"20":0,"27":0,"34":0,"41":0,"49":0,"57":0,"58":0,"61":0,"63":0,"64":0,"65":0,"67":0,"69":0,"70":0,"71":0,"73":0,"75":0,"78":0,"79":0,"80":0,"82":0,"84":0,"85":0,"96":0,"98":0,"100":0,"101":0,"103":0,"104":0,"105":0,"107":0,"109":0,"112":0,"114":0,"115":0,"118":0,"119":0,"128":0,"132":1}},"/home/travis/build/npmtest/node-npmtest-catberry/node_modules/catberry/browser/loaders/StoreLoader.js":{"path":"/home/travis/build/npmtest/node-npmtest-catberry/node_modules/catberry/browser/loaders/StoreLoader.js","s":{"1":1,"2":0,"3":0,"4":0,"5":0,"6":0,"7":0,"8":0,"9":0,"10":0,"11":0,"12":0,"13":0,"14":0,"15":0,"16":0,"17":0,"18":0,"19":0,"20":0,"21":0,"22":0,"23":0,"24":0,"25":0,"26":0,"27":0,"28":0,"29":0,"30":0,"31":0,"32":0,"33":0,"34":0,"35":0,"36":1},"b":{"1":[0,0],"2":[0,0],"3":[0,0],"4":[0,0],"5":[0,0],"6":[0,0]},"f":{"1":0,"2":0,"3":0,"4":0},"fnMap":{"1":{"name":"(anonymous_1)","line":11,"loc":{"start":{"line":11,"column":12},"end":{"line":11,"column":22}}},"2":{"name":"(anonymous_2)","line":46,"loc":{"start":{"line":46,"column":5},"end":{"line":46,"column":8}}},"3":{"name":"(anonymous_3)","line":85,"loc":{"start":{"line":85,"column":10},"end":{"line":85,"column":25}}},"4":{"name":"(anonymous_4)","line":104,"loc":{"start":{"line":104,"column":17},"end":{"line":104,"column":20}}}},"statementMap":{"1":{"start":{"line":3,"column":0},"end":{"line":3,"column":56}},"2":{"start":{"line":12,"column":2},"end":{"line":12,"column":22}},"3":{"start":{"line":13,"column":2},"end":{"line":17,"column":3}},"4":{"start":{"line":14,"column":3},"end":{"line":14,"column":58}},"5":{"start":{"line":16,"column":3},"end":{"line":16,"column":24}},"6":{"start":{"line":18,"column":2},"end":{"line":18,"column":34}},"7":{"start":{"line":25,"column":2},"end":{"line":25,"column":33}},"8":{"start":{"line":32,"column":2},"end":{"line":32,"column":47}},"9":{"start":{"line":39,"column":2},"end":{"line":39,"column":28}},"10":{"start":{"line":47,"column":2},"end":{"line":49,"column":3}},"11":{"start":{"line":48,"column":3},"end":{"line":48,"column":46}},"12":{"start":{"line":51,"column":2},"end":{"line":51,"column":43}},"13":{"start":{"line":53,"column":2},"end":{"line":76,"column":6}},"14":{"start":{"line":54,"column":15},"end":{"line":54,"column":55}},"15":{"start":{"line":55,"column":16},"end":{"line":55,"column":18}},"16":{"start":{"line":57,"column":4},"end":{"line":57,"column":29}},"17":{"start":{"line":59,"column":4},"end":{"line":64,"column":7}},"18":{"start":{"line":60,"column":5},"end":{"line":62,"column":6}},"19":{"start":{"line":61,"column":6},"end":{"line":61,"column":13}},"20":{"start":{"line":63,"column":5},"end":{"line":63,"column":50}},"21":{"start":{"line":65,"column":4},"end":{"line":65,"column":38}},"22":{"start":{"line":68,"column":4},"end":{"line":73,"column":7}},"23":{"start":{"line":69,"column":5},"end":{"line":71,"column":6}},"24":{"start":{"line":70,"column":6},"end":{"line":70,"column":13}},"25":{"start":{"line":72,"column":5},"end":{"line":72,"column":44}},"26":{"start":{"line":74,"column":4},"end":{"line":74,"column":63}},"27":{"start":{"line":75,"column":4},"end":{"line":75,"column":47}},"28":{"start":{"line":86,"column":2},"end":{"line":97,"column":6}},"29":{"start":{"line":88,"column":4},"end":{"line":90,"column":5}},"30":{"start":{"line":89,"column":5},"end":{"line":89,"column":98}},"31":{"start":{"line":91,"column":4},"end":{"line":91,"column":52}},"32":{"start":{"line":92,"column":4},"end":{"line":92,"column":23}},"33":{"start":{"line":95,"column":4},"end":{"line":95,"column":41}},"34":{"start":{"line":96,"column":4},"end":{"line":96,"column":16}},"35":{"start":{"line":105,"column":2},"end":{"line":105,"column":51}},"36":{"start":{"line":109,"column":0},"end":{"line":109,"column":29}}},"branchMap":{"1":{"line":47,"type":"if","locations":[{"start":{"line":47,"column":2},"end":{"line":47,"column":2}},{"start":{"line":47,"column":2},"end":{"line":47,"column":2}}]},"2":{"line":60,"type":"if","locations":[{"start":{"line":60,"column":5},"end":{"line":60,"column":5}},{"start":{"line":60,"column":5},"end":{"line":60,"column":5}}]},"3":{"line":60,"type":"binary-expr","locations":[{"start":{"line":60,"column":9},"end":{"line":60,"column":15}},{"start":{"line":60,"column":19},"end":{"line":60,"column":46}}]},"4":{"line":69,"type":"if","locations":[{"start":{"line":69,"column":5},"end":{"line":69,"column":5}},{"start":{"line":69,"column":5},"end":{"line":69,"column":5}}]},"5":{"line":88,"type":"if","locations":[{"start":{"line":88,"column":4},"end":{"line":88,"column":4}},{"start":{"line":88,"column":4},"end":{"line":88,"column":4}}]},"6":{"line":105,"type":"binary-expr","locations":[{"start":{"line":105,"column":9},"end":{"line":105,"column":27}},{"start":{"line":105,"column":31},"end":{"line":105,"column":50}}]}},"code":["'use strict';","","const LoaderBase = require('../../lib/base/LoaderBase');","","class StoreLoader extends LoaderBase {","","\t/**","\t * Creates a new instance of the store loader.","\t * @param {ServiceLocator} locator The service locator for resolving stores.","\t */","\tconstructor(locator) {","\t\tvar storeTransforms;","\t\ttry {","\t\t\tstoreTransforms = locator.resolveAll('storeTransform');","\t\t} catch (e) {","\t\t\tstoreTransforms = [];","\t\t}","\t\tsuper(locator, storeTransforms);","","\t\t/**","\t\t * Current service locator.","\t\t * @type {ServiceLocator}","\t\t * @private","\t\t */","\t\tthis._serviceLocator = locator;","","\t\t/**","\t\t * Current event bus.","\t\t * @type {EventEmitter}","\t\t * @private","\t\t */","\t\tthis._eventBus = locator.resolve('eventBus');","","\t\t/**","\t\t * Current set of loaded stores.","\t\t * @type {Object}","\t\t * @private","\t\t */","\t\tthis._loadedStores = null;","\t}","","\t/**","\t * Loads all stores inside the browser bundle.","\t * @returns {Promise<Object>} The promise loaded stores.","\t */","\tload() {","\t\tif (this._loadedStores) {","\t\t\treturn Promise.resolve(this._loadedStores);","\t\t}","","\t\tthis._loadedStores = Object.create(null);","","\t\treturn Promise.resolve()","\t\t\t.then(() => this._serviceLocator.resolveAll('store'))","\t\t\t.catch(() => [])","\t\t\t.then(stores => {","\t\t\t\tconst storePromises = [];","\t\t\t\t// the list is a stack, we should reverse it","\t\t\t\tstores.forEach(store => {","\t\t\t\t\tif (!store || typeof (store) !== 'object') {","\t\t\t\t\t\treturn;","\t\t\t\t\t}","\t\t\t\t\tstorePromises.unshift(this._getStore(store));","\t\t\t\t});","\t\t\t\treturn Promise.all(storePromises);","\t\t\t})","\t\t\t.then(stores => {","\t\t\t\tstores.forEach(store => {","\t\t\t\t\tif (!store) {","\t\t\t\t\t\treturn;","\t\t\t\t\t}","\t\t\t\t\tthis._loadedStores[store.name] = store;","\t\t\t\t});","\t\t\t\tthis._eventBus.emit('allStoresLoaded', this._loadedStores);","\t\t\t\treturn Promise.resolve(this._loadedStores);","\t\t\t});","\t}","","\t/**","\t * Gets astore from store details.","\t * @param {Object} storeDetails The store details.","\t * @returns {Promise<Object>} The promise for the store.","\t * @private","\t */","\t_getStore(storeDetails) {","\t\treturn this._applyTransforms(storeDetails)","\t\t\t.then(transformed => {","\t\t\t\tif (!transformed) {","\t\t\t\t\tthrow new Error(`Transformation for the \"${storeDetails.name}\" store returned a bad result`);","\t\t\t\t}","\t\t\t\tthis._eventBus.emit('storeLoaded', transformed);","\t\t\t\treturn transformed;","\t\t\t})","\t\t\t.catch(reason => {","\t\t\t\tthis._eventBus.emit('error', reason);","\t\t\t\treturn null;","\t\t\t});","\t}","","\t/**","\t * Gets a stores map by their names.","\t * @returns {Object} The map of stores by their names.","\t */","\tgetStoresByNames() {","\t\treturn this._loadedStores || Object.create(null);","\t}","}","","module.exports = StoreLoader;",""],"l":{"3":1,"12":0,"13":0,"14":0,"16":0,"18":0,"25":0,"32":0,"39":0,"47":0,"48":0,"51":0,"53":0,"54":0,"55":0,"57":0,"59":0,"60":0,"61":0,"63":0,"65":0,"68":0,"69":0,"70":0,"72":0,"74":0,"75":0,"86":0,"88":0,"89":0,"91":0,"92":0,"95":0,"96":0,"105":0,"109":1}},"/home/travis/build/npmtest/node-npmtest-catberry/node_modules/catberry/browser/providers/ModuleApiProvider.js":{"path":"/home/travis/build/npmtest/node-npmtest-catberry/node_modules/catberry/browser/providers/ModuleApiProvider.js","s":{"1":1,"2":1,"3":0,"4":0,"5":0,"6":0,"7":0,"8":0,"9":0,"10":0,"11":0,"12":0,"13":0,"14":0,"15":0,"16":1},"b":{},"f":{"1":0,"2":0,"3":0,"4":0,"5":0,"6":0},"fnMap":{"1":{"name":"(anonymous_1)","line":12,"loc":{"start":{"line":12,"column":12},"end":{"line":12,"column":22}}},"2":{"name":"(anonymous_2)","line":20,"loc":{"start":{"line":20,"column":14},"end":{"line":20,"column":17}}},"3":{"name":"(anonymous_3)","line":28,"loc":{"start":{"line":28,"column":13},"end":{"line":28,"column":16}}},"4":{"name":"(anonymous_4)","line":36,"loc":{"start":{"line":36,"column":9},"end":{"line":36,"column":12}}},"5":{"name":"(anonymous_5)","line":47,"loc":{"start":{"line":47,"column":9},"end":{"line":47,"column":21}}},"6":{"name":"(anonymous_6)","line":56,"loc":{"start":{"line":56,"column":14},"end":{"line":56,"column":17}}}},"statementMap":{"1":{"start":{"line":3,"column":0},"end":{"line":3,"column":67}},"2":{"start":{"line":4,"column":0},"end":{"line":4,"column":78}},"3":{"start":{"line":13,"column":2},"end":{"line":13,"column":17}},"4":{"start":{"line":21,"column":2},"end":{"line":21,"column":14}},"5":{"start":{"line":29,"column":2},"end":{"line":29,"column":15}},"6":{"start":{"line":37,"column":2},"end":{"line":37,"column":48}},"7":{"start":{"line":38,"column":2},"end":{"line":38,"column":27}},"8":{"start":{"line":39,"column":2},"end":{"line":39,"column":27}},"9":{"start":{"line":48,"column":2},"end":{"line":48,"column":62}},"10":{"start":{"line":49,"column":2},"end":{"line":49,"column":37}},"11":{"start":{"line":57,"column":2},"end":{"line":57,"column":48}},"12":{"start":{"line":58,"column":2},"end":{"line":58,"column":50}},"13":{"start":{"line":59,"column":2},"end":{"line":59,"column":28}},"14":{"start":{"line":60,"column":2},"end":{"line":60,"column":44}},"15":{"start":{"line":61,"column":2},"end":{"line":61,"column":27}},"16":{"start":{"line":65,"column":0},"end":{"line":65,"column":35}}},"branchMap":{},"code":["'use strict';","","const propertyHelper = require('../../lib/helpers/propertyHelper');","const ModuleApiProviderBase = require('../../lib/base/ModuleApiProviderBase');","","class ModuleApiProvider extends ModuleApiProviderBase {","","\t/**","\t * Creates a new instance of the module API provider.","\t * @param {ServiceLocator} locator The service locator for resolving dependencies.","\t */","\tconstructor(locator) {","\t\tsuper(locator);","\t}","","\t/**","\t * Returns true because works in a browser.","\t * @returns {boolean}","\t */","\tget isBrowser() {","\t\treturn true;","\t}","","\t/**","\t * Returns false because works in a browser.","\t * @returns {boolean}","\t */","\tget isServer() {","\t\treturn false;","\t}","","\t/**","\t * Reloads the page for handling \"not found\" error.","\t * @returns {Promise} Promise for nothing.","\t */","\tnotFound() {","\t\tconst window = this.locator.resolve('window');","\t\twindow.location.reload();","\t\treturn Promise.resolve();","\t}","","\t/**","\t * Redirects current page to specified URI.","\t * @param {string} uriString URI to redirect.","\t * @returns {Promise} Promise for nothing.","\t */","\tredirect(uriString) {","\t\tconst requestRouter = this.locator.resolve('requestRouter');","\t\treturn requestRouter.go(uriString);","\t}","","\t/**","\t * Clears current location URI's fragment.","\t * @returns {Promise} Promise for nothing.","\t */","\tclearFragment() {","\t\tconst window = this.locator.resolve('window');","\t\tconst position = window.document.body.scrollTop;","\t\twindow.location.hash = '';","\t\twindow.document.body.scrollTop = position;","\t\treturn Promise.resolve();","\t}","}","","module.exports = ModuleApiProvider;",""],"l":{"3":1,"4":1,"13":0,"21":0,"29":0,"37":0,"38":0,"39":0,"48":0,"49":0,"57":0,"58":0,"59":0,"60":0,"61":0,"65":1}},"/home/travis/build/npmtest/node-npmtest-catberry/node_modules/catberry/browser/providers/StateProvider.js":{"path":"/home/travis/build/npmtest/node-npmtest-catberry/node_modules/catberry/browser/providers/StateProvider.js","s":{"1":1,"2":0,"3":0,"4":0,"5":0,"6":0,"7":0,"8":0,"9":0,"10":0,"11":0,"12":0,"13":0,"14":0,"15":0,"16":0,"17":0,"18":0,"19":0,"20":0,"21":0,"22":0,"23":0,"24":0,"25":0,"26":1},"b":{"1":[0,0],"2":[0,0],"3":[0,0],"4":[0,0],"5":[0,0],"6":[0,0],"7":[0,0,0]},"f":{"1":0},"fnMap":{"1":{"name":"(anonymous_1)","line":17,"loc":{"start":{"line":17,"column":21},"end":{"line":17,"column":38}}}},"statementMap":{"1":{"start":{"line":3,"column":0},"end":{"line":3,"column":70}},"2":{"start":{"line":18,"column":2},"end":{"line":18,"column":25}},"3":{"start":{"line":20,"column":2},"end":{"line":20,"column":23}},"4":{"start":{"line":22,"column":2},"end":{"line":26,"column":3}},"5":{"start":{"line":23,"column":3},"end":{"line":23,"column":67}},"6":{"start":{"line":25,"column":3},"end":{"line":25,"column":25}},"7":{"start":{"line":28,"column":2},"end":{"line":28,"column":47}},"8":{"start":{"line":30,"column":2},"end":{"line":37,"column":3}},"9":{"start":{"line":31,"column":3},"end":{"line":34,"column":7}},"10":{"start":{"line":33,"column":5},"end":{"line":33,"column":58}},"11":{"start":{"line":39,"column":2},"end":{"line":71,"column":6}},"12":{"start":{"line":42,"column":4},"end":{"line":45,"column":5}},"13":{"start":{"line":43,"column":5},"end":{"line":43,"column":47}},"14":{"start":{"line":44,"column":5},"end":{"line":44,"column":12}},"15":{"start":{"line":48,"column":4},"end":{"line":63,"column":5}},"16":{"start":{"line":51,"column":5},"end":{"line":51,"column":59}},"17":{"start":{"line":53,"column":5},"end":{"line":55,"column":6}},"18":{"start":{"line":54,"column":6},"end":{"line":54,"column":35}},"19":{"start":{"line":57,"column":5},"end":{"line":59,"column":6}},"20":{"start":{"line":58,"column":6},"end":{"line":58,"column":33}},"21":{"start":{"line":61,"column":5},"end":{"line":61,"column":34}},"22":{"start":{"line":62,"column":5},"end":{"line":62,"column":12}},"23":{"start":{"line":66,"column":4},"end":{"line":70,"column":5}},"24":{"start":{"line":69,"column":5},"end":{"line":69,"column":29}},"25":{"start":{"line":73,"column":2},"end":{"line":73,"column":21}},"26":{"start":{"line":77,"column":0},"end":{"line":77,"column":31}}},"branchMap":{"1":{"line":42,"type":"if","locations":[{"start":{"line":42,"column":4},"end":{"line":42,"column":4}},{"start":{"line":42,"column":4},"end":{"line":42,"column":4}}]},"2":{"line":48,"type":"if","locations":[{"start":{"line":48,"column":4},"end":{"line":48,"column":4}},{"start":{"line":48,"column":4},"end":{"line":48,"column":4}}]},"3":{"line":48,"type":"binary-expr","locations":[{"start":{"line":48,"column":8},"end":{"line":48,"column":35}},{"start":{"line":49,"column":6},"end":{"line":49,"column":44}}]},"4":{"line":53,"type":"if","locations":[{"start":{"line":53,"column":5},"end":{"line":53,"column":5}},{"start":{"line":53,"column":5},"end":{"line":53,"column":5}}]},"5":{"line":57,"type":"if","locations":[{"start":{"line":57,"column":5},"end":{"line":57,"column":5}},{"start":{"line":57,"column":5},"end":{"line":57,"column":5}}]},"6":{"line":66,"type":"if","locations":[{"start":{"line":66,"column":4},"end":{"line":66,"column":4}},{"start":{"line":66,"column":4},"end":{"line":66,"column":4}}]},"7":{"line":66,"type":"binary-expr","locations":[{"start":{"line":66,"column":8},"end":{"line":66,"column":35}},{"start":{"line":67,"column":6},"end":{"line":67,"column":40}},{"start":{"line":68,"column":6},"end":{"line":68,"column":35}}]}},"code":["'use strict';","","const StateProviderBase = require('../../lib/base/StateProviderBase');","","/**"," * Implements the state provider for the server environment."," */","class StateProvider extends StateProviderBase {","","\t/**","\t * Gets a list of route descriptors.","\t * @param {ServiceLocator} serviceLocator The Service locator","\t * for getting route definitions.","\t * @returns {Array} The list of URI mappers.","\t * @private","\t */","\t_getRouteDescriptors(serviceLocator) {","\t\tconst descriptors = [];","","\t\tlet routeDefinitions;","","\t\ttry {","\t\t\trouteDefinitions = serviceLocator.resolveAll('routeDefinition');","\t\t} catch (e) {","\t\t\trouteDefinitions = [];","\t\t}","","\t\tconst routeDescriptors = Object.create(null);","","\t\ttry {","\t\t\tserviceLocator.resolveAll('routeDescriptor')","\t\t\t\t.forEach(descriptor => {","\t\t\t\t\trouteDescriptors[descriptor.expression] = descriptor;","\t\t\t\t});","\t\t} catch (e) {","\t\t\t// nothing to do","\t\t}","","\t\trouteDefinitions","\t\t\t.forEach(route => {","\t\t\t\t// just colon-parametrized string","\t\t\t\tif (typeof (route) === 'string') {","\t\t\t\t\tdescriptors.push(routeDescriptors[route]);","\t\t\t\t\treturn;","\t\t\t\t}","","\t\t\t\t// extended colon-parametrized mapper","\t\t\t\tif (typeof (route) === 'object' &&","\t\t\t\t\t\ttypeof (route.expression) === 'string') {","","\t\t\t\t\tconst descriptor = routeDescriptors[route.expression];","","\t\t\t\t\tif (typeof (route.name) === 'string') {","\t\t\t\t\t\tdescriptor.name = route.name;","\t\t\t\t\t}","","\t\t\t\t\tif (route.map instanceof Function) {","\t\t\t\t\t\tdescriptor.map = route.map;","\t\t\t\t\t}","","\t\t\t\t\tdescriptors.push(descriptor);","\t\t\t\t\treturn;","\t\t\t\t}","","\t\t\t\t// regular expression mapper","\t\t\t\tif (typeof (route) === 'object' &&","\t\t\t\t\t(route.expression instanceof RegExp) &&","\t\t\t\t\t(route.map instanceof Function)) {","\t\t\t\t\tdescriptors.push(route);","\t\t\t\t}","\t\t\t});","","\t\treturn descriptors;","\t}","}","","module.exports = StateProvider;",""],"l":{"3":1,"18":0,"20":0,"22":0,"23":0,"25":0,"28":0,"30":0,"31":0,"33":0,"39":0,"42":0,"43":0,"44":0,"48":0,"51":0,"53":0,"54":0,"57":0,"58":0,"61":0,"62":0,"66":0,"69":0,"73":0,"77":1}}}